[2018-12-19T13:11:41.218] [INFO] responseLog - 
*************** response log start ***************
request method: GET
request originalUrl:  undefined
request client ip:  null
request query:  undefined
response time: 64
response status: null
response body: 
undefined
*************** response log end ***************

[2018-12-19T13:11:41.459] [INFO] responseLog - 
*************** response log start ***************
request method: GET
request originalUrl:  undefined
request client ip:  null
request query:  undefined
response time: 22
response status: null
response body: 
undefined
*************** response log end ***************

[2018-12-19T13:11:41.539] [INFO] responseLog - 
*************** response log start ***************
request method: GET
request originalUrl:  undefined
request client ip:  null
request query:  undefined
response time: 118
response status: null
response body: 
undefined
*************** response log end ***************

[2018-12-19T13:11:43.489] [INFO] responseLog - 
*************** response log start ***************
request method: POST
request originalUrl:  undefined
request client ip:  null
request body: 
undefined
response time: 1722
response status: null
response body: 
undefined
*************** response log end ***************

[2018-12-19T13:11:56.515] [INFO] responseLog - 
*************** response log start ***************
request method: GET
request originalUrl:  undefined
request client ip:  null
request query:  undefined
response time: 15123
response status: null
response body: 
undefined
*************** response log end ***************

[2018-12-19T13:19:37.999] [INFO] responseLog - 
*************** response log start ***************
request method: GET
request originalUrl:  undefined
request client ip:  null
request query:  undefined
response time: 31
response status: 200
response body: 
undefined
*************** response log end ***************

[2018-12-19T13:19:38.148] [INFO] responseLog - 
*************** response log start ***************
request method: GET
request originalUrl:  undefined
request client ip:  null
request query:  undefined
response time: 24
response status: 200
response body: 
undefined
*************** response log end ***************

[2018-12-19T13:19:38.187] [INFO] responseLog - 
*************** response log start ***************
request method: GET
request originalUrl:  undefined
request client ip:  null
request query:  undefined
response time: 66
response status: 200
response body: 
undefined
*************** response log end ***************

[2018-12-19T13:19:40.044] [INFO] responseLog - 
*************** response log start ***************
request method: POST
request originalUrl:  undefined
request client ip:  null
request body: 
undefined
response time: 1751
response status: 200
response body: 
undefined
*************** response log end ***************

[2018-12-19T13:19:54.538] [INFO] responseLog - 
*************** response log start ***************
request method: GET
request originalUrl:  undefined
request client ip:  null
request query:  undefined
response time: 16413
response status: 200
response body: 
undefined
*************** response log end ***************

[2018-12-19T13:23:10.661] [INFO] responseLog - 
*************** response log start ***************
request method: GET
request originalUrl:  undefined
request client ip:  null
request query:  undefined
response time: 37
response status: 200
response body: 
undefined
*************** response log end ***************

[2018-12-19T13:23:10.980] [INFO] responseLog - 
*************** response log start ***************
request method: GET
request originalUrl:  undefined
request client ip:  null
request query:  undefined
response time: 17
response status: 200
response body: 
undefined
*************** response log end ***************

[2018-12-19T13:23:11.122] [INFO] responseLog - 
*************** response log start ***************
request method: GET
request originalUrl:  undefined
request client ip:  null
request query:  undefined
response time: 167
response status: 200
response body: 
undefined
*************** response log end ***************

[2018-12-19T13:23:12.842] [INFO] responseLog - 
*************** response log start ***************
request method: POST
request originalUrl:  undefined
request client ip:  null
request body: 
undefined
response time: 1608
response status: 200
response body: 
undefined
*************** response log end ***************

[2018-12-19T13:23:26.036] [INFO] responseLog - 
*************** response log start ***************
request method: GET
request originalUrl:  undefined
request client ip:  null
request query:  undefined
response time: 15151
response status: 200
response body: 
undefined
*************** response log end ***************

[2018-12-19T13:25:08.802] [INFO] responseLog - 
*************** response log start ***************
request method: GET
request originalUrl:  /api/v1/project/list?webMonitorId=mcl_webmonitor
request client ip:  null
request query:  undefined
response time: 36
response status: 200
response body: 
undefined
*************** response log end ***************

[2018-12-19T13:25:08.968] [INFO] responseLog - 
*************** response log start ***************
request method: GET
request originalUrl:  /api/v1/ignoreErrorByApplication?webMonitorId=mcl_webmonitor
request client ip:  null
request query:  undefined
response time: 14
response status: 200
response body: 
undefined
*************** response log end ***************

[2018-12-19T13:25:09.074] [INFO] responseLog - 
*************** response log start ***************
request method: GET
request originalUrl:  /api/v1/getJavascriptErrorInfoListByDay?timeType=month&webMonitorId=mcl_webmonitor
request client ip:  null
request query:  undefined
response time: 102
response status: 200
response body: 
undefined
*************** response log end ***************

[2018-12-19T13:25:11.133] [INFO] responseLog - 
*************** response log start ***************
request method: POST
request originalUrl:  /api/v1/getJavascriptErrorSort
request client ip:  null
request body: 
undefined
response time: 1894
response status: 200
response body: 
undefined
*************** response log end ***************

[2018-12-19T13:25:25.627] [INFO] responseLog - 
*************** response log start ***************
request method: GET
request originalUrl:  /api/v1/getJavascriptErrorCountByOs?day=1&webMonitorId=mcl_webmonitor
request client ip:  null
request query:  undefined
response time: 16718
response status: 200
response body: 
undefined
*************** response log end ***************

[2018-12-19T14:07:23.085] [INFO] responseLog - 
*************** response log start ***************
request method: GET
request originalUrl:  /api/v1/project/list?webMonitorId=mcl_webmonitor
request client ip:  ::1
request query:  undefined
response time: 33
response status: 200
response body: 
undefined
*************** response log end ***************

[2018-12-19T14:07:23.235] [INFO] responseLog - 
*************** response log start ***************
request method: GET
request originalUrl:  /api/v1/ignoreErrorByApplication?webMonitorId=mcl_webmonitor
request client ip:  ::1
request query:  undefined
response time: 18
response status: 200
response body: 
undefined
*************** response log end ***************

[2018-12-19T14:07:23.262] [INFO] responseLog - 
*************** response log start ***************
request method: GET
request originalUrl:  /api/v1/getJavascriptErrorInfoListByDay?timeType=month&webMonitorId=mcl_webmonitor
request client ip:  ::1
request query:  undefined
response time: 47
response status: 200
response body: 
undefined
*************** response log end ***************

[2018-12-19T14:07:25.335] [INFO] responseLog - 
*************** response log start ***************
request method: POST
request originalUrl:  /api/v1/getJavascriptErrorSort
request client ip:  ::1
request body: 
undefined
response time: 1990
response status: 200
response body: 
undefined
*************** response log end ***************

[2018-12-19T14:07:37.755] [INFO] responseLog - 
*************** response log start ***************
request method: GET
request originalUrl:  /api/v1/getJavascriptErrorCountByOs?day=1&webMonitorId=mcl_webmonitor
request client ip:  ::1
request query:  undefined
response time: 14537
response status: 200
response body: 
undefined
*************** response log end ***************

[2018-12-19T14:12:17.232] [INFO] responseLog - 
*************** response log start ***************
method: GET
originalUrl:  /api/v1/project/list?webMonitorId=mcl_webmonitor
client ip:  ::1
query:  undefined
response time: 32
response status: 200
response body: 
undefined
*************** response log end ***************

[2018-12-19T14:12:17.370] [INFO] responseLog - 
*************** response log start ***************
method: GET
originalUrl:  /api/v1/ignoreErrorByApplication?webMonitorId=mcl_webmonitor
client ip:  ::1
query:  undefined
response time: 24
response status: 200
response body: 
undefined
*************** response log end ***************

[2018-12-19T14:12:17.400] [INFO] responseLog - 
*************** response log start ***************
method: GET
originalUrl:  /api/v1/getJavascriptErrorInfoListByDay?timeType=month&webMonitorId=mcl_webmonitor
client ip:  ::1
query:  undefined
response time: 55
response status: 200
response body: 
undefined
*************** response log end ***************

[2018-12-19T14:12:19.944] [INFO] responseLog - 
*************** response log start ***************
method: POST
originalUrl:  /api/v1/getJavascriptErrorSort
client ip:  ::1
body: 
undefined
response time: 2407
response status: 200
response body: 
undefined
*************** response log end ***************

[2018-12-19T14:12:36.512] [INFO] responseLog - 
*************** response log start ***************
method: GET
originalUrl:  /api/v1/project/list?webMonitorId=mcl_webmonitor
client ip:  ::1
query:  undefined
response time: 37
response status: 200
response body: 
undefined
*************** response log end ***************

[2018-12-19T14:12:36.705] [INFO] responseLog - 
*************** response log start ***************
method: GET
originalUrl:  /api/v1/ignoreErrorByApplication?webMonitorId=mcl_webmonitor
client ip:  ::1
query:  undefined
response time: 13
response status: 200
response body: 
undefined
*************** response log end ***************

[2018-12-19T14:12:36.789] [INFO] responseLog - 
*************** response log start ***************
method: GET
originalUrl:  /api/v1/getJavascriptErrorInfoListByDay?timeType=month&webMonitorId=mcl_webmonitor
client ip:  ::1
query:  undefined
response time: 117
response status: 200
response body: 
undefined
*************** response log end ***************

[2018-12-19T14:12:38.605] [INFO] responseLog - 
*************** response log start ***************
method: POST
originalUrl:  /api/v1/getJavascriptErrorSort
client ip:  ::1
body: 
undefined
response time: 1641
response status: 200
response body: 
undefined
*************** response log end ***************

[2018-12-19T14:12:53.656] [INFO] responseLog - 
*************** response log start ***************
method: GET
originalUrl:  /api/v1/getJavascriptErrorCountByOs?day=1&webMonitorId=mcl_webmonitor
client ip:  ::1
query:  undefined
response time: 17001
response status: 200
response body: 
undefined
*************** response log end ***************

[2018-12-19T14:16:30.239] [INFO] responseLog - 
*************** response log start ***************
method: GET
originalUrl:  /api/v1/project/list?webMonitorId=mcl_webmonitor
client ip:  ::1
query:  undefined
response time: 34
response status: 200
response body: 
undefined
*************** response log end ***************

[2018-12-19T14:16:30.349] [INFO] responseLog - 
*************** response log start ***************
method: GET
originalUrl:  /api/v1/ignoreErrorByApplication?webMonitorId=mcl_webmonitor
client ip:  ::1
query:  undefined
response time: 15
response status: 200
response body: 
undefined
*************** response log end ***************

[2018-12-19T14:16:30.385] [INFO] responseLog - 
*************** response log start ***************
method: GET
originalUrl:  /api/v1/getJavascriptErrorInfoListByDay?timeType=month&webMonitorId=mcl_webmonitor
client ip:  ::1
query:  undefined
response time: 52
response status: 200
response body: 
undefined
*************** response log end ***************

[2018-12-19T14:16:32.333] [INFO] responseLog - 
*************** response log start ***************
method: POST
originalUrl:  /api/v1/getJavascriptErrorSort
client ip:  ::1
body: 
undefined
response time: 1879
response status: 200
response body: 
undefined
*************** response log end ***************

[2018-12-19T14:16:45.187] [INFO] responseLog - 
*************** response log start ***************
method: GET
originalUrl:  /api/v1/getJavascriptErrorCountByOs?day=1&webMonitorId=mcl_webmonitor
client ip:  ::1
query:  undefined
response time: 14853
response status: 200
response body: 
undefined
*************** response log end ***************

[2018-12-19T14:17:59.902] [INFO] responseLog - 
*************** response log start ***************
method: GET
originalUrl:  /api/v1/project/list?webMonitorId=mcl_webmonitor
client ip:  ::1
query:  undefined
response time: 45
response status: 200
response body: 
[object Object]
*************** response log end ***************

[2018-12-19T14:18:00.057] [INFO] responseLog - 
*************** response log start ***************
method: GET
originalUrl:  /api/v1/ignoreErrorByApplication?webMonitorId=mcl_webmonitor
client ip:  ::1
query:  undefined
response time: 37
response status: 200
response body: 
[object Object]
*************** response log end ***************

[2018-12-19T14:18:00.080] [INFO] responseLog - 
*************** response log start ***************
method: GET
originalUrl:  /api/v1/getJavascriptErrorInfoListByDay?timeType=month&webMonitorId=mcl_webmonitor
client ip:  ::1
query:  undefined
response time: 61
response status: 200
response body: 
[object Object]
*************** response log end ***************

[2018-12-19T14:18:02.862] [INFO] responseLog - 
*************** response log start ***************
method: POST
originalUrl:  /api/v1/getJavascriptErrorSort
client ip:  ::1
body: 
undefined
response time: 2653
response status: 200
response body: 
{"timeType":"month","webMonitorId":"mcl_webmonitor"}
*************** response log end ***************

[2018-12-19T14:18:15.802] [INFO] responseLog - 
*************** response log start ***************
method: GET
originalUrl:  /api/v1/getJavascriptErrorCountByOs?day=1&webMonitorId=mcl_webmonitor
client ip:  ::1
query:  undefined
response time: 15780
response status: 200
response body: 
[object Object]
*************** response log end ***************

[2018-12-19T14:19:55.137] [INFO] responseLog - 
*************** response log start ***************
method: GET
originalUrl:  /api/v1/project/list?webMonitorId=mcl_webmonitor
client ip:  ::1
query:  undefined
response time: 54
response status: 200
response body: 
undefined
*************** response log end ***************

[2018-12-19T14:19:55.274] [INFO] responseLog - 
*************** response log start ***************
method: GET
originalUrl:  /api/v1/ignoreErrorByApplication?webMonitorId=mcl_webmonitor
client ip:  ::1
query:  undefined
response time: 15
response status: 200
response body: 
undefined
*************** response log end ***************

[2018-12-19T14:19:55.307] [INFO] responseLog - 
*************** response log start ***************
method: GET
originalUrl:  /api/v1/getJavascriptErrorInfoListByDay?timeType=month&webMonitorId=mcl_webmonitor
client ip:  ::1
query:  undefined
response time: 53
response status: 200
response body: 
undefined
*************** response log end ***************

[2018-12-19T14:19:57.651] [INFO] responseLog - 
*************** response log start ***************
method: POST
originalUrl:  /api/v1/getJavascriptErrorSort
client ip:  ::1
body: 
{"timeType":"month","webMonitorId":"mcl_webmonitor"}
response time: 2262
response status: 200
response body: 
undefined
*************** response log end ***************

[2018-12-19T14:20:11.165] [INFO] responseLog - 
*************** response log start ***************
method: GET
originalUrl:  /api/v1/getJavascriptErrorCountByOs?day=1&webMonitorId=mcl_webmonitor
client ip:  ::1
query:  undefined
response time: 15903
response status: 200
response body: 
undefined
*************** response log end ***************

