[2018-12-20T12:55:40.590] [ERROR] errorLog - 
*************** error log start ***************
method: POST
originalUrl:  /api/v1/uploadLog
client ip:  ::1
body: 
{"data":"{\"logInfo\":\"{\\\"happenTime\\\":1545281734549,\\\"webMonitorId\\\":\\\"mcl_webmonitor\\\",\\\"simpleUrl\\\":\\\"http://localhost:9090/ltvfe/cl/withdrawals\\\",\\\"completeUrl\\\":\\\"http://localhost:9090/ltvfe/cl/withdrawals\\\",\\\"customerKey\\\":\\\"b9b715fb-2bdc-48c7-8e2a-5e352e1d3508\\\",\\\"pageKey\\\":\\\"6422b0cf-1b57-467b-b99a-fdd5d9b08849\\\",\\\"deviceName\\\":\\\"PC\\\",\\\"os\\\":\\\"web\\\",\\\"browserName\\\":\\\"chrome\\\",\\\"browserVersion\\\":\\\"mozilla/5.0 (macintosh; intel mac os x 10_13_4) applewebkit/537.36 (khtml, like gecko) chrome/70.0.3538.110 safari/537.36\\\",\\\"monitorIp\\\":\\\"\\\",\\\"country\\\":\\\"china\\\",\\\"province\\\":\\\"\\\",\\\"city\\\":\\\"\\\",\\\"userId\\\":\\\"\\\",\\\"firstUserParam\\\":\\\"\\\",\\\"secondUserParam\\\":\\\"\\\",\\\"uploadType\\\":\\\"CUSTOMER_PV\\\",\\\"loadType\\\":\\\"none\\\",\\\"loadTime\\\":0}$$$\"}"}
response time: 0
err name: SyntaxError
err message: Unexpected token \ in JSON at position 1
err stack: SyntaxError: Unexpected token \ in JSON at position 1
    at JSON.parse (<anonymous>)
    at uploadLog (/Users/jeffery/MonitorProjects/webfunny_servers/controllers/common.js:47:24)
    at dispatch (/Users/jeffery/MonitorProjects/webfunny_servers/node_modules/koa-router/node_modules/koa-compose/index.js:44:32)
    at next (/Users/jeffery/MonitorProjects/webfunny_servers/node_modules/koa-router/node_modules/koa-compose/index.js:45:18)
    at /Users/jeffery/MonitorProjects/webfunny_servers/node_modules/koa-router/lib/router.js:346:16
    at dispatch (/Users/jeffery/MonitorProjects/webfunny_servers/node_modules/koa-router/node_modules/koa-compose/index.js:44:32)
    at /Users/jeffery/MonitorProjects/webfunny_servers/node_modules/koa-router/node_modules/koa-compose/index.js:36:12
    at dispatch (/Users/jeffery/MonitorProjects/webfunny_servers/node_modules/koa-router/lib/router.js:351:31)
    at dispatch (/Users/jeffery/MonitorProjects/webfunny_servers/node_modules/koa-compose/index.js:42:32)
    at app.use (/Users/jeffery/MonitorProjects/webfunny_servers/app.js:71:15)
    at dispatch (/Users/jeffery/MonitorProjects/webfunny_servers/node_modules/koa-compose/index.js:42:32)
    at views (/Users/jeffery/MonitorProjects/webfunny_servers/node_modules/koa-views/lib/index.js:61:12)
    at dispatch (/Users/jeffery/MonitorProjects/webfunny_servers/node_modules/koa-compose/index.js:42:32)
    at serve (/Users/jeffery/MonitorProjects/webfunny_servers/node_modules/koa-static/index.js:47:14)
    at dispatch (/Users/jeffery/MonitorProjects/webfunny_servers/node_modules/koa-compose/index.js:42:32)
    at filter (/Users/jeffery/MonitorProjects/webfunny_servers/node_modules/koa-json/index.js:25:12)
    at dispatch (/Users/jeffery/MonitorProjects/webfunny_servers/node_modules/koa-compose/index.js:42:32)
    at parseBody.then.body (/Users/jeffery/MonitorProjects/webfunny_servers/node_modules/koa-bodyparser/index.js:74:14)
    at process._tickCallback (internal/process/next_tick.js:68:7)
*************** error log end ***************

[2018-12-20T12:56:17.801] [ERROR] errorLog - 
*************** error log start ***************
method: POST
originalUrl:  /api/v1/uploadLog
client ip:  ::1
body: 
{"data":"{\"logInfo\":\"{\\\"happenTime\\\":1545281771964,\\\"webMonitorId\\\":\\\"mcl_webmonitor\\\",\\\"simpleUrl\\\":\\\"http://localhost:9090/ltvfe/cl/withdrawals\\\",\\\"completeUrl\\\":\\\"http://localhost:9090/ltvfe/cl/withdrawals\\\",\\\"customerKey\\\":\\\"b9b715fb-2bdc-48c7-8e2a-5e352e1d3508\\\",\\\"pageKey\\\":\\\"94587614-e0e2-4fb5-8d1c-a1da5175b2b4\\\",\\\"deviceName\\\":\\\"PC\\\",\\\"os\\\":\\\"web\\\",\\\"browserName\\\":\\\"chrome\\\",\\\"browserVersion\\\":\\\"mozilla/5.0 (macintosh; intel mac os x 10_13_4) applewebkit/537.36 (khtml, like gecko) chrome/70.0.3538.110 safari/537.36\\\",\\\"monitorIp\\\":\\\"\\\",\\\"country\\\":\\\"china\\\",\\\"province\\\":\\\"\\\",\\\"city\\\":\\\"\\\",\\\"userId\\\":\\\"\\\",\\\"firstUserParam\\\":\\\"\\\",\\\"secondUserParam\\\":\\\"\\\",\\\"uploadType\\\":\\\"CUSTOMER_PV\\\",\\\"loadType\\\":\\\"none\\\",\\\"loadTime\\\":0}$$$\"}"}
response time: 0
err name: SyntaxError
err message: Unexpected token \ in JSON at position 1
err stack: SyntaxError: Unexpected token \ in JSON at position 1
    at JSON.parse (<anonymous>)
    at uploadLog (/Users/jeffery/MonitorProjects/webfunny_servers/controllers/common.js:47:24)
    at dispatch (/Users/jeffery/MonitorProjects/webfunny_servers/node_modules/koa-router/node_modules/koa-compose/index.js:44:32)
    at next (/Users/jeffery/MonitorProjects/webfunny_servers/node_modules/koa-router/node_modules/koa-compose/index.js:45:18)
    at /Users/jeffery/MonitorProjects/webfunny_servers/node_modules/koa-router/lib/router.js:346:16
    at dispatch (/Users/jeffery/MonitorProjects/webfunny_servers/node_modules/koa-router/node_modules/koa-compose/index.js:44:32)
    at /Users/jeffery/MonitorProjects/webfunny_servers/node_modules/koa-router/node_modules/koa-compose/index.js:36:12
    at dispatch (/Users/jeffery/MonitorProjects/webfunny_servers/node_modules/koa-router/lib/router.js:351:31)
    at dispatch (/Users/jeffery/MonitorProjects/webfunny_servers/node_modules/koa-compose/index.js:42:32)
    at app.use (/Users/jeffery/MonitorProjects/webfunny_servers/app.js:71:15)
    at dispatch (/Users/jeffery/MonitorProjects/webfunny_servers/node_modules/koa-compose/index.js:42:32)
    at views (/Users/jeffery/MonitorProjects/webfunny_servers/node_modules/koa-views/lib/index.js:61:12)
    at dispatch (/Users/jeffery/MonitorProjects/webfunny_servers/node_modules/koa-compose/index.js:42:32)
    at serve (/Users/jeffery/MonitorProjects/webfunny_servers/node_modules/koa-static/index.js:47:14)
    at dispatch (/Users/jeffery/MonitorProjects/webfunny_servers/node_modules/koa-compose/index.js:42:32)
    at filter (/Users/jeffery/MonitorProjects/webfunny_servers/node_modules/koa-json/index.js:25:12)
    at dispatch (/Users/jeffery/MonitorProjects/webfunny_servers/node_modules/koa-compose/index.js:42:32)
    at parseBody.then.body (/Users/jeffery/MonitorProjects/webfunny_servers/node_modules/koa-bodyparser/index.js:74:14)
    at process._tickCallback (internal/process/next_tick.js:68:7)
*************** error log end ***************

[2018-12-20T12:57:07.495] [ERROR] errorLog - 
*************** error log start ***************
method: POST
originalUrl:  /api/v1/uploadLog
client ip:  ::1
body: 
{"data":"{\"logInfo\":\"{\\\"happenTime\\\":1545281821448,\\\"webMonitorId\\\":\\\"mcl_webmonitor\\\",\\\"simpleUrl\\\":\\\"http://localhost:9090/ltvfe/cl/withdrawals\\\",\\\"completeUrl\\\":\\\"http://localhost:9090/ltvfe/cl/withdrawals\\\",\\\"customerKey\\\":\\\"b9b715fb-2bdc-48c7-8e2a-5e352e1d3508\\\",\\\"pageKey\\\":\\\"ea89f2b5-9f8b-498e-95ba-f9084a04873c\\\",\\\"deviceName\\\":\\\"PC\\\",\\\"os\\\":\\\"web\\\",\\\"browserName\\\":\\\"chrome\\\",\\\"browserVersion\\\":\\\"mozilla/5.0 (macintosh; intel mac os x 10_13_4) applewebkit/537.36 (khtml, like gecko) chrome/70.0.3538.110 safari/537.36\\\",\\\"monitorIp\\\":\\\"\\\",\\\"country\\\":\\\"china\\\",\\\"province\\\":\\\"\\\",\\\"city\\\":\\\"\\\",\\\"userId\\\":\\\"\\\",\\\"firstUserParam\\\":\\\"\\\",\\\"secondUserParam\\\":\\\"\\\",\\\"uploadType\\\":\\\"CUSTOMER_PV\\\",\\\"loadType\\\":\\\"none\\\",\\\"loadTime\\\":0}$$$\"}"}
response time: 0
err name: SyntaxError
err message: Unexpected token \ in JSON at position 1
err stack: SyntaxError: Unexpected token \ in JSON at position 1
    at JSON.parse (<anonymous>)
    at uploadLog (/Users/jeffery/MonitorProjects/webfunny_servers/controllers/common.js:48:24)
    at dispatch (/Users/jeffery/MonitorProjects/webfunny_servers/node_modules/koa-router/node_modules/koa-compose/index.js:44:32)
    at next (/Users/jeffery/MonitorProjects/webfunny_servers/node_modules/koa-router/node_modules/koa-compose/index.js:45:18)
    at /Users/jeffery/MonitorProjects/webfunny_servers/node_modules/koa-router/lib/router.js:346:16
    at dispatch (/Users/jeffery/MonitorProjects/webfunny_servers/node_modules/koa-router/node_modules/koa-compose/index.js:44:32)
    at /Users/jeffery/MonitorProjects/webfunny_servers/node_modules/koa-router/node_modules/koa-compose/index.js:36:12
    at dispatch (/Users/jeffery/MonitorProjects/webfunny_servers/node_modules/koa-router/lib/router.js:351:31)
    at dispatch (/Users/jeffery/MonitorProjects/webfunny_servers/node_modules/koa-compose/index.js:42:32)
    at app.use (/Users/jeffery/MonitorProjects/webfunny_servers/app.js:71:15)
    at dispatch (/Users/jeffery/MonitorProjects/webfunny_servers/node_modules/koa-compose/index.js:42:32)
    at views (/Users/jeffery/MonitorProjects/webfunny_servers/node_modules/koa-views/lib/index.js:61:12)
    at dispatch (/Users/jeffery/MonitorProjects/webfunny_servers/node_modules/koa-compose/index.js:42:32)
    at serve (/Users/jeffery/MonitorProjects/webfunny_servers/node_modules/koa-static/index.js:47:14)
    at dispatch (/Users/jeffery/MonitorProjects/webfunny_servers/node_modules/koa-compose/index.js:42:32)
    at filter (/Users/jeffery/MonitorProjects/webfunny_servers/node_modules/koa-json/index.js:25:12)
    at dispatch (/Users/jeffery/MonitorProjects/webfunny_servers/node_modules/koa-compose/index.js:42:32)
    at parseBody.then.body (/Users/jeffery/MonitorProjects/webfunny_servers/node_modules/koa-bodyparser/index.js:74:14)
    at process._tickCallback (internal/process/next_tick.js:68:7)
*************** error log end ***************

[2018-12-20T12:58:02.034] [ERROR] errorLog - 
*************** error log start ***************
method: POST
originalUrl:  /api/v1/uploadLog
client ip:  ::1
body: 
{"data":"{\"logInfo\":\"{\\\"happenTime\\\":1545281875180,\\\"webMonitorId\\\":\\\"mcl_webmonitor\\\",\\\"simpleUrl\\\":\\\"http://localhost:9090/ltvfe/cl/withdrawals\\\",\\\"completeUrl\\\":\\\"http://localhost:9090/ltvfe/cl/withdrawals\\\",\\\"customerKey\\\":\\\"b9b715fb-2bdc-48c7-8e2a-5e352e1d3508\\\",\\\"pageKey\\\":\\\"927916a4-7b57-446f-a8cc-2e2d9190d5f0\\\",\\\"deviceName\\\":\\\"PC\\\",\\\"os\\\":\\\"web\\\",\\\"browserName\\\":\\\"chrome\\\",\\\"browserVersion\\\":\\\"mozilla/5.0 (macintosh; intel mac os x 10_13_4) applewebkit/537.36 (khtml, like gecko) chrome/70.0.3538.110 safari/537.36\\\",\\\"monitorIp\\\":\\\"\\\",\\\"country\\\":\\\"china\\\",\\\"province\\\":\\\"\\\",\\\"city\\\":\\\"\\\",\\\"userId\\\":\\\"\\\",\\\"firstUserParam\\\":\\\"\\\",\\\"secondUserParam\\\":\\\"\\\",\\\"uploadType\\\":\\\"CUSTOMER_PV\\\",\\\"loadType\\\":\\\"none\\\",\\\"loadTime\\\":0}$$$\"}"}
response time: 0
err name: SyntaxError
err message: Unexpected token \ in JSON at position 1
err stack: SyntaxError: Unexpected token \ in JSON at position 1
    at JSON.parse (<anonymous>)
    at uploadLog (/Users/jeffery/MonitorProjects/webfunny_servers/controllers/common.js:48:24)
    at dispatch (/Users/jeffery/MonitorProjects/webfunny_servers/node_modules/koa-router/node_modules/koa-compose/index.js:44:32)
    at next (/Users/jeffery/MonitorProjects/webfunny_servers/node_modules/koa-router/node_modules/koa-compose/index.js:45:18)
    at /Users/jeffery/MonitorProjects/webfunny_servers/node_modules/koa-router/lib/router.js:346:16
    at dispatch (/Users/jeffery/MonitorProjects/webfunny_servers/node_modules/koa-router/node_modules/koa-compose/index.js:44:32)
    at /Users/jeffery/MonitorProjects/webfunny_servers/node_modules/koa-router/node_modules/koa-compose/index.js:36:12
    at dispatch (/Users/jeffery/MonitorProjects/webfunny_servers/node_modules/koa-router/lib/router.js:351:31)
    at dispatch (/Users/jeffery/MonitorProjects/webfunny_servers/node_modules/koa-compose/index.js:42:32)
    at app.use (/Users/jeffery/MonitorProjects/webfunny_servers/app.js:71:15)
    at dispatch (/Users/jeffery/MonitorProjects/webfunny_servers/node_modules/koa-compose/index.js:42:32)
    at views (/Users/jeffery/MonitorProjects/webfunny_servers/node_modules/koa-views/lib/index.js:61:12)
    at dispatch (/Users/jeffery/MonitorProjects/webfunny_servers/node_modules/koa-compose/index.js:42:32)
    at serve (/Users/jeffery/MonitorProjects/webfunny_servers/node_modules/koa-static/index.js:47:14)
    at dispatch (/Users/jeffery/MonitorProjects/webfunny_servers/node_modules/koa-compose/index.js:42:32)
    at filter (/Users/jeffery/MonitorProjects/webfunny_servers/node_modules/koa-json/index.js:25:12)
    at dispatch (/Users/jeffery/MonitorProjects/webfunny_servers/node_modules/koa-compose/index.js:42:32)
    at parseBody.then.body (/Users/jeffery/MonitorProjects/webfunny_servers/node_modules/koa-bodyparser/index.js:74:14)
    at process._tickCallback (internal/process/next_tick.js:68:7)
*************** error log end ***************

[2018-12-20T13:09:02.450] [ERROR] errorLog - 
*************** error log start ***************
method: POST
originalUrl:  /api/v1/uploadLog
client ip:  ::1
body: 
{"data":"{\"logInfo\":\"{\\\"happenTime\\\":1545282536418,\\\"webMonitorId\\\":\\\"mcl_webmonitor\\\",\\\"simpleUrl\\\":\\\"http://localhost:9090/ltvfe/cl/withdrawals\\\",\\\"completeUrl\\\":\\\"http://localhost:9090/ltvfe/cl/withdrawals\\\",\\\"customerKey\\\":\\\"b9b715fb-2bdc-48c7-8e2a-5e352e1d3508\\\",\\\"pageKey\\\":\\\"e2b9b2cf-9a77-44fd-9453-279aa5a818b6\\\",\\\"deviceName\\\":\\\"PC\\\",\\\"os\\\":\\\"web\\\",\\\"browserName\\\":\\\"chrome\\\",\\\"browserVersion\\\":\\\"mozilla/5.0 (macintosh; intel mac os x 10_13_4) applewebkit/537.36 (khtml, like gecko) chrome/70.0.3538.110 safari/537.36\\\",\\\"monitorIp\\\":\\\"\\\",\\\"country\\\":\\\"china\\\",\\\"province\\\":\\\"\\\",\\\"city\\\":\\\"\\\",\\\"userId\\\":\\\"\\\",\\\"firstUserParam\\\":\\\"\\\",\\\"secondUserParam\\\":\\\"\\\",\\\"uploadType\\\":\\\"CUSTOMER_PV\\\",\\\"loadType\\\":\\\"none\\\",\\\"loadTime\\\":0}$$$\"}"}
response time: 0
err name: TypeError
err message: Cannot create property 'monitorIp' on string '{"happenTime":1545282536418,"webMonitorId":"mcl_webmonitor","simpleUrl":"http://localhost:9090/ltvfe/cl/withdrawals","completeUrl":"http://localhost:9090/ltvfe/cl/withdrawals","customerKey":"b9b715fb-2bdc-48c7-8e2a-5e352e1d3508","pageKey":"e2b9b2cf-9a77-44fd-9453-279aa5a818b6","deviceName":"PC","os":"web","browserName":"chrome","browserVersion":"mozilla/5.0 (macintosh; intel mac os x 10_13_4) applewebkit/537.36 (khtml, like gecko) chrome/70.0.3538.110 safari/537.36","monitorIp":"","country":"china","province":"","city":"","userId":"","firstUserParam":"","secondUserParam":"","uploadType":"CUSTOMER_PV","loadType":"none","loadTime":0}'
err stack: TypeError: Cannot create property 'monitorIp' on string '{"happenTime":1545282536418,"webMonitorId":"mcl_webmonitor","simpleUrl":"http://localhost:9090/ltvfe/cl/withdrawals","completeUrl":"http://localhost:9090/ltvfe/cl/withdrawals","customerKey":"b9b715fb-2bdc-48c7-8e2a-5e352e1d3508","pageKey":"e2b9b2cf-9a77-44fd-9453-279aa5a818b6","deviceName":"PC","os":"web","browserName":"chrome","browserVersion":"mozilla/5.0 (macintosh; intel mac os x 10_13_4) applewebkit/537.36 (khtml, like gecko) chrome/70.0.3538.110 safari/537.36","monitorIp":"","country":"china","province":"","city":"","userId":"","firstUserParam":"","secondUserParam":"","uploadType":"CUSTOMER_PV","loadType":"none","loadTime":0}'
    at uploadLog (/Users/jeffery/MonitorProjects/webfunny_servers/controllers/common.js:54:25)
    at dispatch (/Users/jeffery/MonitorProjects/webfunny_servers/node_modules/koa-router/node_modules/koa-compose/index.js:44:32)
    at next (/Users/jeffery/MonitorProjects/webfunny_servers/node_modules/koa-router/node_modules/koa-compose/index.js:45:18)
    at /Users/jeffery/MonitorProjects/webfunny_servers/node_modules/koa-router/lib/router.js:346:16
    at dispatch (/Users/jeffery/MonitorProjects/webfunny_servers/node_modules/koa-router/node_modules/koa-compose/index.js:44:32)
    at /Users/jeffery/MonitorProjects/webfunny_servers/node_modules/koa-router/node_modules/koa-compose/index.js:36:12
    at dispatch (/Users/jeffery/MonitorProjects/webfunny_servers/node_modules/koa-router/lib/router.js:351:31)
    at dispatch (/Users/jeffery/MonitorProjects/webfunny_servers/node_modules/koa-compose/index.js:42:32)
    at app.use (/Users/jeffery/MonitorProjects/webfunny_servers/app.js:71:15)
    at dispatch (/Users/jeffery/MonitorProjects/webfunny_servers/node_modules/koa-compose/index.js:42:32)
    at views (/Users/jeffery/MonitorProjects/webfunny_servers/node_modules/koa-views/lib/index.js:61:12)
    at dispatch (/Users/jeffery/MonitorProjects/webfunny_servers/node_modules/koa-compose/index.js:42:32)
    at serve (/Users/jeffery/MonitorProjects/webfunny_servers/node_modules/koa-static/index.js:47:14)
    at dispatch (/Users/jeffery/MonitorProjects/webfunny_servers/node_modules/koa-compose/index.js:42:32)
    at filter (/Users/jeffery/MonitorProjects/webfunny_servers/node_modules/koa-json/index.js:25:12)
    at dispatch (/Users/jeffery/MonitorProjects/webfunny_servers/node_modules/koa-compose/index.js:42:32)
    at parseBody.then.body (/Users/jeffery/MonitorProjects/webfunny_servers/node_modules/koa-bodyparser/index.js:74:14)
    at process._tickCallback (internal/process/next_tick.js:68:7)
*************** error log end ***************

[2018-12-20T13:18:18.785] [ERROR] errorLog - 
*************** error log start ***************
method: POST
originalUrl:  /api/v1/uploadLog
client ip:  ::1
body: 
{"data":"{\"logInfo\":\"{\\\"happenTime\\\":1545283092969,\\\"webMonitorId\\\":\\\"mcl_webmonitor\\\",\\\"simpleUrl\\\":\\\"http://localhost:9090/ltvfe/cl/withdrawals\\\",\\\"completeUrl\\\":\\\"http://localhost:9090/ltvfe/cl/withdrawals\\\",\\\"customerKey\\\":\\\"b9b715fb-2bdc-48c7-8e2a-5e352e1d3508\\\",\\\"pageKey\\\":\\\"4b31ec24-4365-474f-ba14-500d34ba62f0\\\",\\\"deviceName\\\":\\\"PC\\\",\\\"os\\\":\\\"web\\\",\\\"browserName\\\":\\\"chrome\\\",\\\"browserVersion\\\":\\\"mozilla/5.0 (macintosh; intel mac os x 10_13_4) applewebkit/537.36 (khtml, like gecko) chrome/70.0.3538.110 safari/537.36\\\",\\\"monitorIp\\\":\\\"\\\",\\\"country\\\":\\\"china\\\",\\\"province\\\":\\\"\\\",\\\"city\\\":\\\"\\\",\\\"userId\\\":\\\"\\\",\\\"firstUserParam\\\":\\\"\\\",\\\"secondUserParam\\\":\\\"\\\",\\\"uploadType\\\":\\\"CUSTOMER_PV\\\",\\\"loadType\\\":\\\"none\\\",\\\"loadTime\\\":0}$$$\"}"}
response time: 0
err name: TypeError
err message: Cannot create property 'monitorIp' on string '{"happenTime":1545283092969,"webMonitorId":"mcl_webmonitor","simpleUrl":"http://localhost:9090/ltvfe/cl/withdrawals","completeUrl":"http://localhost:9090/ltvfe/cl/withdrawals","customerKey":"b9b715fb-2bdc-48c7-8e2a-5e352e1d3508","pageKey":"4b31ec24-4365-474f-ba14-500d34ba62f0","deviceName":"PC","os":"web","browserName":"chrome","browserVersion":"mozilla/5.0 (macintosh; intel mac os x 10_13_4) applewebkit/537.36 (khtml, like gecko) chrome/70.0.3538.110 safari/537.36","monitorIp":"","country":"china","province":"","city":"","userId":"","firstUserParam":"","secondUserParam":"","uploadType":"CUSTOMER_PV","loadType":"none","loadTime":0}'
err stack: TypeError: Cannot create property 'monitorIp' on string '{"happenTime":1545283092969,"webMonitorId":"mcl_webmonitor","simpleUrl":"http://localhost:9090/ltvfe/cl/withdrawals","completeUrl":"http://localhost:9090/ltvfe/cl/withdrawals","customerKey":"b9b715fb-2bdc-48c7-8e2a-5e352e1d3508","pageKey":"4b31ec24-4365-474f-ba14-500d34ba62f0","deviceName":"PC","os":"web","browserName":"chrome","browserVersion":"mozilla/5.0 (macintosh; intel mac os x 10_13_4) applewebkit/537.36 (khtml, like gecko) chrome/70.0.3538.110 safari/537.36","monitorIp":"","country":"china","province":"","city":"","userId":"","firstUserParam":"","secondUserParam":"","uploadType":"CUSTOMER_PV","loadType":"none","loadTime":0}'
    at uploadLog (/Users/jeffery/MonitorProjects/webfunny_servers/controllers/common.js:54:25)
    at dispatch (/Users/jeffery/MonitorProjects/webfunny_servers/node_modules/koa-router/node_modules/koa-compose/index.js:44:32)
    at next (/Users/jeffery/MonitorProjects/webfunny_servers/node_modules/koa-router/node_modules/koa-compose/index.js:45:18)
    at /Users/jeffery/MonitorProjects/webfunny_servers/node_modules/koa-router/lib/router.js:346:16
    at dispatch (/Users/jeffery/MonitorProjects/webfunny_servers/node_modules/koa-router/node_modules/koa-compose/index.js:44:32)
    at /Users/jeffery/MonitorProjects/webfunny_servers/node_modules/koa-router/node_modules/koa-compose/index.js:36:12
    at dispatch (/Users/jeffery/MonitorProjects/webfunny_servers/node_modules/koa-router/lib/router.js:351:31)
    at dispatch (/Users/jeffery/MonitorProjects/webfunny_servers/node_modules/koa-compose/index.js:42:32)
    at app.use (/Users/jeffery/MonitorProjects/webfunny_servers/app.js:71:15)
    at dispatch (/Users/jeffery/MonitorProjects/webfunny_servers/node_modules/koa-compose/index.js:42:32)
    at views (/Users/jeffery/MonitorProjects/webfunny_servers/node_modules/koa-views/lib/index.js:61:12)
    at dispatch (/Users/jeffery/MonitorProjects/webfunny_servers/node_modules/koa-compose/index.js:42:32)
    at serve (/Users/jeffery/MonitorProjects/webfunny_servers/node_modules/koa-static/index.js:47:14)
    at dispatch (/Users/jeffery/MonitorProjects/webfunny_servers/node_modules/koa-compose/index.js:42:32)
    at filter (/Users/jeffery/MonitorProjects/webfunny_servers/node_modules/koa-json/index.js:25:12)
    at dispatch (/Users/jeffery/MonitorProjects/webfunny_servers/node_modules/koa-compose/index.js:42:32)
    at parseBody.then.body (/Users/jeffery/MonitorProjects/webfunny_servers/node_modules/koa-bodyparser/index.js:74:14)
    at process._tickCallback (internal/process/next_tick.js:68:7)
*************** error log end ***************

[2018-12-20T13:59:18.035] [ERROR] errorLog - 
*************** error log start ***************
method: POST
originalUrl:  /api/v1/uploadLog
client ip:  ::1
body: 
{"data":"{\"logInfo\":\"{\\\"happenTime\\\":1545285552403,\\\"webMonitorId\\\":\\\"mcl_webmonitor\\\",\\\"simpleUrl\\\":\\\"http://localhost:9090/ltvfe/cl/withdrawals\\\",\\\"completeUrl\\\":\\\"http://localhost:9090/ltvfe/cl/withdrawals\\\",\\\"customerKey\\\":\\\"b9b715fb-2bdc-48c7-8e2a-5e352e1d3508\\\",\\\"pageKey\\\":\\\"b275034a-5c5a-4821-a8f1-e08a8d2b6aec\\\",\\\"deviceName\\\":\\\"PC\\\",\\\"os\\\":\\\"web\\\",\\\"browserName\\\":\\\"chrome\\\",\\\"browserVersion\\\":\\\"mozilla/5.0 (macintosh; intel mac os x 10_13_4) applewebkit/537.36 (khtml, like gecko) chrome/70.0.3538.110 safari/537.36\\\",\\\"monitorIp\\\":\\\"\\\",\\\"country\\\":\\\"china\\\",\\\"province\\\":\\\"\\\",\\\"city\\\":\\\"\\\",\\\"userId\\\":\\\"\\\",\\\"firstUserParam\\\":\\\"\\\",\\\"secondUserParam\\\":\\\"\\\",\\\"uploadType\\\":\\\"CUSTOMER_PV\\\",\\\"loadType\\\":\\\"none\\\",\\\"loadTime\\\":0}$$$\"}"}
response time: 0
err name: SyntaxError
err message: Unexpected token \ in JSON at position 0
err stack: SyntaxError: Unexpected token \ in JSON at position 0
    at JSON.parse (<anonymous>)
    at uploadLog (/Users/jeffery/MonitorProjects/webfunny_servers/controllers/common.js:48:24)
    at dispatch (/Users/jeffery/MonitorProjects/webfunny_servers/node_modules/koa-router/node_modules/koa-compose/index.js:44:32)
    at next (/Users/jeffery/MonitorProjects/webfunny_servers/node_modules/koa-router/node_modules/koa-compose/index.js:45:18)
    at /Users/jeffery/MonitorProjects/webfunny_servers/node_modules/koa-router/lib/router.js:346:16
    at dispatch (/Users/jeffery/MonitorProjects/webfunny_servers/node_modules/koa-router/node_modules/koa-compose/index.js:44:32)
    at /Users/jeffery/MonitorProjects/webfunny_servers/node_modules/koa-router/node_modules/koa-compose/index.js:36:12
    at dispatch (/Users/jeffery/MonitorProjects/webfunny_servers/node_modules/koa-router/lib/router.js:351:31)
    at dispatch (/Users/jeffery/MonitorProjects/webfunny_servers/node_modules/koa-compose/index.js:42:32)
    at app.use (/Users/jeffery/MonitorProjects/webfunny_servers/app.js:71:15)
    at dispatch (/Users/jeffery/MonitorProjects/webfunny_servers/node_modules/koa-compose/index.js:42:32)
    at views (/Users/jeffery/MonitorProjects/webfunny_servers/node_modules/koa-views/lib/index.js:61:12)
    at dispatch (/Users/jeffery/MonitorProjects/webfunny_servers/node_modules/koa-compose/index.js:42:32)
    at serve (/Users/jeffery/MonitorProjects/webfunny_servers/node_modules/koa-static/index.js:47:14)
    at dispatch (/Users/jeffery/MonitorProjects/webfunny_servers/node_modules/koa-compose/index.js:42:32)
    at filter (/Users/jeffery/MonitorProjects/webfunny_servers/node_modules/koa-json/index.js:25:12)
    at dispatch (/Users/jeffery/MonitorProjects/webfunny_servers/node_modules/koa-compose/index.js:42:32)
    at parseBody.then.body (/Users/jeffery/MonitorProjects/webfunny_servers/node_modules/koa-bodyparser/index.js:74:14)
    at process._tickCallback (internal/process/next_tick.js:68:7)
*************** error log end ***************

[2018-12-20T14:01:07.686] [ERROR] errorLog - 
*************** error log start ***************
method: POST
originalUrl:  /api/v1/uploadLog
client ip:  ::1
body: 
{"data":"{\"logInfo\":\"{\\\"happenTime\\\":1545285662788,\\\"webMonitorId\\\":\\\"mcl_webmonitor\\\",\\\"simpleUrl\\\":\\\"http://localhost:9090/ltvfe/cl/withdrawals\\\",\\\"completeUrl\\\":\\\"http://localhost:9090/ltvfe/cl/withdrawals\\\",\\\"customerKey\\\":\\\"b9b715fb-2bdc-48c7-8e2a-5e352e1d3508\\\",\\\"pageKey\\\":\\\"6d060c6b-b1f9-468b-af77-e03689230adb\\\",\\\"deviceName\\\":\\\"PC\\\",\\\"os\\\":\\\"web\\\",\\\"browserName\\\":\\\"chrome\\\",\\\"browserVersion\\\":\\\"mozilla/5.0 (macintosh; intel mac os x 10_13_4) applewebkit/537.36 (khtml, like gecko) chrome/70.0.3538.110 safari/537.36\\\",\\\"monitorIp\\\":\\\"\\\",\\\"country\\\":\\\"china\\\",\\\"province\\\":\\\"\\\",\\\"city\\\":\\\"\\\",\\\"userId\\\":\\\"\\\",\\\"firstUserParam\\\":\\\"\\\",\\\"secondUserParam\\\":\\\"\\\",\\\"uploadType\\\":\\\"JS_ERROR\\\",\\\"errorMessage\\\":\\\"ReferenceError: b is not defined\\\",\\\"errorStack\\\":\\\"ReferenceError: b is not defined\\\\n    at Withdrawals.componentDidMount (http://localhost:9090/withdrawals.2d4400e3.chunk.js:1406:7)\\\\n    at Withdrawals.proxiedComponentDidMount (http://localhost:9090/app.ca500f9c.js:60582:40)\\\\n    at http://localhost:9090/app.ca500f9c.js:52308:25\\\\n    at measureLifeCyclePerf (http://localhost:9090/app.ca500f9c.js:52119:12)\\\\n    at http://localhost:9090/app.ca500f9c.js:52307:11\\\\n    at CallbackQueue.notifyAll (http://localhost:9090/app.ca500f9c.js:20977:22)\\\\n    at ReactReconcileTransaction.close (http://localhost:9090/app.ca500f9c.js:57149:26)\\\\n    at ReactReconcileTransaction.closeAll (http://localhost:9090/app.ca500f9c.js:9470:25)\\\\n    at ReactReconcileTransaction.perform (http://localhost:9090/app.ca500f9c.js:9417:16)\\\\n    at ReactUpdatesFlushTransaction.perform (http://localhost:9090/app.ca500f9c.js:9404:20)\\\",\\\"browserInfo\\\":\\\"Mozilla/5.0 (Macintosh; Intel Mac OS X 10_13_4) AppleWebKit/537.36 (KHTML, like Gecko) Chrome/70.0.3538.110 Safari/537.36\\\"}$$${\\\"happenTime\\\":1545285662077,\\\"webMonitorId\\\":\\\"mcl_webmonitor\\\",\\\"simpleUrl\\\":\\\"http://localhost:9090/ltvfe/cl/withdrawals\\\",\\\"completeUrl\\\":\\\"http://localhost:9090/ltvfe/cl/withdrawals\\\",\\\"customerKey\\\":\\\"b9b715fb-2bdc-48c7-8e2a-5e352e1d3508\\\",\\\"pageKey\\\":\\\"6d060c6b-b1f9-468b-af77-e03689230adb\\\",\\\"deviceName\\\":\\\"PC\\\",\\\"os\\\":\\\"web\\\",\\\"browserName\\\":\\\"chrome\\\",\\\"browserVersion\\\":\\\"mozilla/5.0 (macintosh; intel mac os x 10_13_4) applewebkit/537.36 (khtml, like gecko) chrome/70.0.3538.110 safari/537.36\\\",\\\"monitorIp\\\":\\\"\\\",\\\"country\\\":\\\"china\\\",\\\"province\\\":\\\"\\\",\\\"city\\\":\\\"\\\",\\\"userId\\\":\\\"\\\",\\\"firstUserParam\\\":\\\"\\\",\\\"secondUserParam\\\":\\\"\\\",\\\"uploadType\\\":\\\"CUSTOMER_PV\\\",\\\"loadType\\\":\\\"none\\\",\\\"loadTime\\\":0}$$$\"}"}
response time: 0
err name: SyntaxError
err message: Unexpected token \ in JSON at position 0
err stack: SyntaxError: Unexpected token \ in JSON at position 0
    at JSON.parse (<anonymous>)
    at uploadLog (/Users/jeffery/MonitorProjects/webfunny_servers/controllers/common.js:48:24)
    at dispatch (/Users/jeffery/MonitorProjects/webfunny_servers/node_modules/koa-router/node_modules/koa-compose/index.js:44:32)
    at next (/Users/jeffery/MonitorProjects/webfunny_servers/node_modules/koa-router/node_modules/koa-compose/index.js:45:18)
    at /Users/jeffery/MonitorProjects/webfunny_servers/node_modules/koa-router/lib/router.js:346:16
    at dispatch (/Users/jeffery/MonitorProjects/webfunny_servers/node_modules/koa-router/node_modules/koa-compose/index.js:44:32)
    at /Users/jeffery/MonitorProjects/webfunny_servers/node_modules/koa-router/node_modules/koa-compose/index.js:36:12
    at dispatch (/Users/jeffery/MonitorProjects/webfunny_servers/node_modules/koa-router/lib/router.js:351:31)
    at dispatch (/Users/jeffery/MonitorProjects/webfunny_servers/node_modules/koa-compose/index.js:42:32)
    at app.use (/Users/jeffery/MonitorProjects/webfunny_servers/app.js:71:15)
    at dispatch (/Users/jeffery/MonitorProjects/webfunny_servers/node_modules/koa-compose/index.js:42:32)
    at views (/Users/jeffery/MonitorProjects/webfunny_servers/node_modules/koa-views/lib/index.js:61:12)
    at dispatch (/Users/jeffery/MonitorProjects/webfunny_servers/node_modules/koa-compose/index.js:42:32)
    at serve (/Users/jeffery/MonitorProjects/webfunny_servers/node_modules/koa-static/index.js:47:14)
    at dispatch (/Users/jeffery/MonitorProjects/webfunny_servers/node_modules/koa-compose/index.js:42:32)
    at filter (/Users/jeffery/MonitorProjects/webfunny_servers/node_modules/koa-json/index.js:25:12)
    at dispatch (/Users/jeffery/MonitorProjects/webfunny_servers/node_modules/koa-compose/index.js:42:32)
    at parseBody.then.body (/Users/jeffery/MonitorProjects/webfunny_servers/node_modules/koa-bodyparser/index.js:74:14)
    at process._tickCallback (internal/process/next_tick.js:68:7)
*************** error log end ***************

[2018-12-20T14:01:07.687] [ERROR] errorLog - 
*************** error log start ***************
method: POST
originalUrl:  /api/v1/uploadLog
client ip:  ::1
body: 
{"data":"{\"logInfo\":\"{\\\"happenTime\\\":1545285662788,\\\"webMonitorId\\\":\\\"mcl_webmonitor\\\",\\\"simpleUrl\\\":\\\"http://localhost:9090/ltvfe/cl/withdrawals\\\",\\\"completeUrl\\\":\\\"http://localhost:9090/ltvfe/cl/withdrawals\\\",\\\"customerKey\\\":\\\"b9b715fb-2bdc-48c7-8e2a-5e352e1d3508\\\",\\\"pageKey\\\":\\\"6d060c6b-b1f9-468b-af77-e03689230adb\\\",\\\"deviceName\\\":\\\"PC\\\",\\\"os\\\":\\\"web\\\",\\\"browserName\\\":\\\"chrome\\\",\\\"browserVersion\\\":\\\"mozilla/5.0 (macintosh; intel mac os x 10_13_4) applewebkit/537.36 (khtml, like gecko) chrome/70.0.3538.110 safari/537.36\\\",\\\"monitorIp\\\":\\\"\\\",\\\"country\\\":\\\"china\\\",\\\"province\\\":\\\"\\\",\\\"city\\\":\\\"\\\",\\\"userId\\\":\\\"\\\",\\\"firstUserParam\\\":\\\"\\\",\\\"secondUserParam\\\":\\\"\\\",\\\"uploadType\\\":\\\"JS_ERROR\\\",\\\"errorMessage\\\":\\\"ReferenceError: b is not defined\\\",\\\"errorStack\\\":\\\"ReferenceError: b is not defined\\\\n    at Withdrawals.componentDidMount (http://localhost:9090/withdrawals.2d4400e3.chunk.js:1406:7)\\\\n    at Withdrawals.proxiedComponentDidMount (http://localhost:9090/app.ca500f9c.js:60582:40)\\\\n    at http://localhost:9090/app.ca500f9c.js:52308:25\\\\n    at measureLifeCyclePerf (http://localhost:9090/app.ca500f9c.js:52119:12)\\\\n    at http://localhost:9090/app.ca500f9c.js:52307:11\\\\n    at CallbackQueue.notifyAll (http://localhost:9090/app.ca500f9c.js:20977:22)\\\\n    at ReactReconcileTransaction.close (http://localhost:9090/app.ca500f9c.js:57149:26)\\\\n    at ReactReconcileTransaction.closeAll (http://localhost:9090/app.ca500f9c.js:9470:25)\\\\n    at ReactReconcileTransaction.perform (http://localhost:9090/app.ca500f9c.js:9417:16)\\\\n    at ReactUpdatesFlushTransaction.perform (http://localhost:9090/app.ca500f9c.js:9404:20)\\\",\\\"browserInfo\\\":\\\"Mozilla/5.0 (Macintosh; Intel Mac OS X 10_13_4) AppleWebKit/537.36 (KHTML, like Gecko) Chrome/70.0.3538.110 Safari/537.36\\\"}$$${\\\"happenTime\\\":1545285662077,\\\"webMonitorId\\\":\\\"mcl_webmonitor\\\",\\\"simpleUrl\\\":\\\"http://localhost:9090/ltvfe/cl/withdrawals\\\",\\\"completeUrl\\\":\\\"http://localhost:9090/ltvfe/cl/withdrawals\\\",\\\"customerKey\\\":\\\"b9b715fb-2bdc-48c7-8e2a-5e352e1d3508\\\",\\\"pageKey\\\":\\\"6d060c6b-b1f9-468b-af77-e03689230adb\\\",\\\"deviceName\\\":\\\"PC\\\",\\\"os\\\":\\\"web\\\",\\\"browserName\\\":\\\"chrome\\\",\\\"browserVersion\\\":\\\"mozilla/5.0 (macintosh; intel mac os x 10_13_4) applewebkit/537.36 (khtml, like gecko) chrome/70.0.3538.110 safari/537.36\\\",\\\"monitorIp\\\":\\\"\\\",\\\"country\\\":\\\"china\\\",\\\"province\\\":\\\"\\\",\\\"city\\\":\\\"\\\",\\\"userId\\\":\\\"\\\",\\\"firstUserParam\\\":\\\"\\\",\\\"secondUserParam\\\":\\\"\\\",\\\"uploadType\\\":\\\"CUSTOMER_PV\\\",\\\"loadType\\\":\\\"none\\\",\\\"loadTime\\\":0}$$$\"}"}
response time: 0
err name: SyntaxError
err message: Unexpected token \ in JSON at position 1
err stack: SyntaxError: Unexpected token \ in JSON at position 1
    at JSON.parse (<anonymous>)
    at uploadLog (/Users/jeffery/MonitorProjects/webfunny_servers/controllers/common.js:48:24)
    at dispatch (/Users/jeffery/MonitorProjects/webfunny_servers/node_modules/koa-router/node_modules/koa-compose/index.js:44:32)
    at next (/Users/jeffery/MonitorProjects/webfunny_servers/node_modules/koa-router/node_modules/koa-compose/index.js:45:18)
    at /Users/jeffery/MonitorProjects/webfunny_servers/node_modules/koa-router/lib/router.js:346:16
    at dispatch (/Users/jeffery/MonitorProjects/webfunny_servers/node_modules/koa-router/node_modules/koa-compose/index.js:44:32)
    at /Users/jeffery/MonitorProjects/webfunny_servers/node_modules/koa-router/node_modules/koa-compose/index.js:36:12
    at dispatch (/Users/jeffery/MonitorProjects/webfunny_servers/node_modules/koa-router/lib/router.js:351:31)
    at dispatch (/Users/jeffery/MonitorProjects/webfunny_servers/node_modules/koa-compose/index.js:42:32)
    at app.use (/Users/jeffery/MonitorProjects/webfunny_servers/app.js:71:15)
    at dispatch (/Users/jeffery/MonitorProjects/webfunny_servers/node_modules/koa-compose/index.js:42:32)
    at views (/Users/jeffery/MonitorProjects/webfunny_servers/node_modules/koa-views/lib/index.js:61:12)
    at dispatch (/Users/jeffery/MonitorProjects/webfunny_servers/node_modules/koa-compose/index.js:42:32)
    at serve (/Users/jeffery/MonitorProjects/webfunny_servers/node_modules/koa-static/index.js:47:14)
    at dispatch (/Users/jeffery/MonitorProjects/webfunny_servers/node_modules/koa-compose/index.js:42:32)
    at filter (/Users/jeffery/MonitorProjects/webfunny_servers/node_modules/koa-json/index.js:25:12)
    at dispatch (/Users/jeffery/MonitorProjects/webfunny_servers/node_modules/koa-compose/index.js:42:32)
    at parseBody.then.body (/Users/jeffery/MonitorProjects/webfunny_servers/node_modules/koa-bodyparser/index.js:74:14)
    at process._tickCallback (internal/process/next_tick.js:68:7)
*************** error log end ***************

[2018-12-20T14:02:00.773] [ERROR] errorLog - 
*************** error log start ***************
method: POST
originalUrl:  /api/v1/uploadLog
client ip:  ::1
body: 
{"data":"{\"logInfo\":\"{\\\"happenTime\\\":1545285716157,\\\"webMonitorId\\\":\\\"mcl_webmonitor\\\",\\\"simpleUrl\\\":\\\"http://localhost:9090/ltvfe/cl/withdrawals\\\",\\\"completeUrl\\\":\\\"http://localhost:9090/ltvfe/cl/withdrawals\\\",\\\"customerKey\\\":\\\"b9b715fb-2bdc-48c7-8e2a-5e352e1d3508\\\",\\\"pageKey\\\":\\\"c83ffe6a-e3c9-4a1d-98e9-2cb0a6382aeb\\\",\\\"deviceName\\\":\\\"PC\\\",\\\"os\\\":\\\"web\\\",\\\"browserName\\\":\\\"chrome\\\",\\\"browserVersion\\\":\\\"mozilla/5.0 (macintosh; intel mac os x 10_13_4) applewebkit/537.36 (khtml, like gecko) chrome/70.0.3538.110 safari/537.36\\\",\\\"monitorIp\\\":\\\"\\\",\\\"country\\\":\\\"china\\\",\\\"province\\\":\\\"\\\",\\\"city\\\":\\\"\\\",\\\"userId\\\":\\\"\\\",\\\"firstUserParam\\\":\\\"\\\",\\\"secondUserParam\\\":\\\"\\\",\\\"uploadType\\\":\\\"JS_ERROR\\\",\\\"errorMessage\\\":\\\"ReferenceError: b is not defined\\\",\\\"errorStack\\\":\\\"ReferenceError: b is not defined\\\\n    at Withdrawals.componentDidMount (http://localhost:9090/withdrawals.2d4400e3.chunk.js:1406:7)\\\\n    at Withdrawals.proxiedComponentDidMount (http://localhost:9090/app.ca500f9c.js:60582:40)\\\\n    at http://localhost:9090/app.ca500f9c.js:52308:25\\\\n    at measureLifeCyclePerf (http://localhost:9090/app.ca500f9c.js:52119:12)\\\\n    at http://localhost:9090/app.ca500f9c.js:52307:11\\\\n    at CallbackQueue.notifyAll (http://localhost:9090/app.ca500f9c.js:20977:22)\\\\n    at ReactReconcileTransaction.close (http://localhost:9090/app.ca500f9c.js:57149:26)\\\\n    at ReactReconcileTransaction.closeAll (http://localhost:9090/app.ca500f9c.js:9470:25)\\\\n    at ReactReconcileTransaction.perform (http://localhost:9090/app.ca500f9c.js:9417:16)\\\\n    at ReactUpdatesFlushTransaction.perform (http://localhost:9090/app.ca500f9c.js:9404:20)\\\",\\\"browserInfo\\\":\\\"Mozilla/5.0 (Macintosh; Intel Mac OS X 10_13_4) AppleWebKit/537.36 (KHTML, like Gecko) Chrome/70.0.3538.110 Safari/537.36\\\"}$$${\\\"happenTime\\\":1545285714342,\\\"webMonitorId\\\":\\\"mcl_webmonitor\\\",\\\"simpleUrl\\\":\\\"http://localhost:9090/ltvfe/cl/withdrawals\\\",\\\"completeUrl\\\":\\\"http://localhost:9090/ltvfe/cl/withdrawals\\\",\\\"customerKey\\\":\\\"b9b715fb-2bdc-48c7-8e2a-5e352e1d3508\\\",\\\"pageKey\\\":\\\"c83ffe6a-e3c9-4a1d-98e9-2cb0a6382aeb\\\",\\\"deviceName\\\":\\\"PC\\\",\\\"os\\\":\\\"web\\\",\\\"browserName\\\":\\\"chrome\\\",\\\"browserVersion\\\":\\\"mozilla/5.0 (macintosh; intel mac os x 10_13_4) applewebkit/537.36 (khtml, like gecko) chrome/70.0.3538.110 safari/537.36\\\",\\\"monitorIp\\\":\\\"\\\",\\\"country\\\":\\\"china\\\",\\\"province\\\":\\\"\\\",\\\"city\\\":\\\"\\\",\\\"userId\\\":\\\"\\\",\\\"firstUserParam\\\":\\\"\\\",\\\"secondUserParam\\\":\\\"\\\",\\\"uploadType\\\":\\\"CUSTOMER_PV\\\",\\\"loadType\\\":\\\"none\\\",\\\"loadTime\\\":0}$$$\"}"}
response time: 0
err name: SyntaxError
err message: Unexpected token \ in JSON at position 1
err stack: SyntaxError: Unexpected token \ in JSON at position 1
    at JSON.parse (<anonymous>)
    at uploadLog (/Users/jeffery/MonitorProjects/webfunny_servers/controllers/common.js:48:24)
    at dispatch (/Users/jeffery/MonitorProjects/webfunny_servers/node_modules/koa-router/node_modules/koa-compose/index.js:44:32)
    at next (/Users/jeffery/MonitorProjects/webfunny_servers/node_modules/koa-router/node_modules/koa-compose/index.js:45:18)
    at /Users/jeffery/MonitorProjects/webfunny_servers/node_modules/koa-router/lib/router.js:346:16
    at dispatch (/Users/jeffery/MonitorProjects/webfunny_servers/node_modules/koa-router/node_modules/koa-compose/index.js:44:32)
    at /Users/jeffery/MonitorProjects/webfunny_servers/node_modules/koa-router/node_modules/koa-compose/index.js:36:12
    at dispatch (/Users/jeffery/MonitorProjects/webfunny_servers/node_modules/koa-router/lib/router.js:351:31)
    at dispatch (/Users/jeffery/MonitorProjects/webfunny_servers/node_modules/koa-compose/index.js:42:32)
    at app.use (/Users/jeffery/MonitorProjects/webfunny_servers/app.js:71:15)
    at dispatch (/Users/jeffery/MonitorProjects/webfunny_servers/node_modules/koa-compose/index.js:42:32)
    at views (/Users/jeffery/MonitorProjects/webfunny_servers/node_modules/koa-views/lib/index.js:61:12)
    at dispatch (/Users/jeffery/MonitorProjects/webfunny_servers/node_modules/koa-compose/index.js:42:32)
    at serve (/Users/jeffery/MonitorProjects/webfunny_servers/node_modules/koa-static/index.js:47:14)
    at dispatch (/Users/jeffery/MonitorProjects/webfunny_servers/node_modules/koa-compose/index.js:42:32)
    at filter (/Users/jeffery/MonitorProjects/webfunny_servers/node_modules/koa-json/index.js:25:12)
    at dispatch (/Users/jeffery/MonitorProjects/webfunny_servers/node_modules/koa-compose/index.js:42:32)
    at parseBody.then.body (/Users/jeffery/MonitorProjects/webfunny_servers/node_modules/koa-bodyparser/index.js:74:14)
    at process._tickCallback (internal/process/next_tick.js:68:7)
*************** error log end ***************

[2018-12-20T14:02:00.775] [ERROR] errorLog - 
*************** error log start ***************
method: POST
originalUrl:  /api/v1/uploadLog
client ip:  ::1
body: 
{"data":"{\"logInfo\":\"{\\\"happenTime\\\":1545285716157,\\\"webMonitorId\\\":\\\"mcl_webmonitor\\\",\\\"simpleUrl\\\":\\\"http://localhost:9090/ltvfe/cl/withdrawals\\\",\\\"completeUrl\\\":\\\"http://localhost:9090/ltvfe/cl/withdrawals\\\",\\\"customerKey\\\":\\\"b9b715fb-2bdc-48c7-8e2a-5e352e1d3508\\\",\\\"pageKey\\\":\\\"c83ffe6a-e3c9-4a1d-98e9-2cb0a6382aeb\\\",\\\"deviceName\\\":\\\"PC\\\",\\\"os\\\":\\\"web\\\",\\\"browserName\\\":\\\"chrome\\\",\\\"browserVersion\\\":\\\"mozilla/5.0 (macintosh; intel mac os x 10_13_4) applewebkit/537.36 (khtml, like gecko) chrome/70.0.3538.110 safari/537.36\\\",\\\"monitorIp\\\":\\\"\\\",\\\"country\\\":\\\"china\\\",\\\"province\\\":\\\"\\\",\\\"city\\\":\\\"\\\",\\\"userId\\\":\\\"\\\",\\\"firstUserParam\\\":\\\"\\\",\\\"secondUserParam\\\":\\\"\\\",\\\"uploadType\\\":\\\"JS_ERROR\\\",\\\"errorMessage\\\":\\\"ReferenceError: b is not defined\\\",\\\"errorStack\\\":\\\"ReferenceError: b is not defined\\\\n    at Withdrawals.componentDidMount (http://localhost:9090/withdrawals.2d4400e3.chunk.js:1406:7)\\\\n    at Withdrawals.proxiedComponentDidMount (http://localhost:9090/app.ca500f9c.js:60582:40)\\\\n    at http://localhost:9090/app.ca500f9c.js:52308:25\\\\n    at measureLifeCyclePerf (http://localhost:9090/app.ca500f9c.js:52119:12)\\\\n    at http://localhost:9090/app.ca500f9c.js:52307:11\\\\n    at CallbackQueue.notifyAll (http://localhost:9090/app.ca500f9c.js:20977:22)\\\\n    at ReactReconcileTransaction.close (http://localhost:9090/app.ca500f9c.js:57149:26)\\\\n    at ReactReconcileTransaction.closeAll (http://localhost:9090/app.ca500f9c.js:9470:25)\\\\n    at ReactReconcileTransaction.perform (http://localhost:9090/app.ca500f9c.js:9417:16)\\\\n    at ReactUpdatesFlushTransaction.perform (http://localhost:9090/app.ca500f9c.js:9404:20)\\\",\\\"browserInfo\\\":\\\"Mozilla/5.0 (Macintosh; Intel Mac OS X 10_13_4) AppleWebKit/537.36 (KHTML, like Gecko) Chrome/70.0.3538.110 Safari/537.36\\\"}$$${\\\"happenTime\\\":1545285714342,\\\"webMonitorId\\\":\\\"mcl_webmonitor\\\",\\\"simpleUrl\\\":\\\"http://localhost:9090/ltvfe/cl/withdrawals\\\",\\\"completeUrl\\\":\\\"http://localhost:9090/ltvfe/cl/withdrawals\\\",\\\"customerKey\\\":\\\"b9b715fb-2bdc-48c7-8e2a-5e352e1d3508\\\",\\\"pageKey\\\":\\\"c83ffe6a-e3c9-4a1d-98e9-2cb0a6382aeb\\\",\\\"deviceName\\\":\\\"PC\\\",\\\"os\\\":\\\"web\\\",\\\"browserName\\\":\\\"chrome\\\",\\\"browserVersion\\\":\\\"mozilla/5.0 (macintosh; intel mac os x 10_13_4) applewebkit/537.36 (khtml, like gecko) chrome/70.0.3538.110 safari/537.36\\\",\\\"monitorIp\\\":\\\"\\\",\\\"country\\\":\\\"china\\\",\\\"province\\\":\\\"\\\",\\\"city\\\":\\\"\\\",\\\"userId\\\":\\\"\\\",\\\"firstUserParam\\\":\\\"\\\",\\\"secondUserParam\\\":\\\"\\\",\\\"uploadType\\\":\\\"CUSTOMER_PV\\\",\\\"loadType\\\":\\\"none\\\",\\\"loadTime\\\":0}$$$\"}"}
response time: 0
err name: SyntaxError
err message: Unexpected token \ in JSON at position 1
err stack: SyntaxError: Unexpected token \ in JSON at position 1
    at JSON.parse (<anonymous>)
    at uploadLog (/Users/jeffery/MonitorProjects/webfunny_servers/controllers/common.js:48:24)
    at dispatch (/Users/jeffery/MonitorProjects/webfunny_servers/node_modules/koa-router/node_modules/koa-compose/index.js:44:32)
    at next (/Users/jeffery/MonitorProjects/webfunny_servers/node_modules/koa-router/node_modules/koa-compose/index.js:45:18)
    at /Users/jeffery/MonitorProjects/webfunny_servers/node_modules/koa-router/lib/router.js:346:16
    at dispatch (/Users/jeffery/MonitorProjects/webfunny_servers/node_modules/koa-router/node_modules/koa-compose/index.js:44:32)
    at /Users/jeffery/MonitorProjects/webfunny_servers/node_modules/koa-router/node_modules/koa-compose/index.js:36:12
    at dispatch (/Users/jeffery/MonitorProjects/webfunny_servers/node_modules/koa-router/lib/router.js:351:31)
    at dispatch (/Users/jeffery/MonitorProjects/webfunny_servers/node_modules/koa-compose/index.js:42:32)
    at app.use (/Users/jeffery/MonitorProjects/webfunny_servers/app.js:71:15)
    at dispatch (/Users/jeffery/MonitorProjects/webfunny_servers/node_modules/koa-compose/index.js:42:32)
    at views (/Users/jeffery/MonitorProjects/webfunny_servers/node_modules/koa-views/lib/index.js:61:12)
    at dispatch (/Users/jeffery/MonitorProjects/webfunny_servers/node_modules/koa-compose/index.js:42:32)
    at serve (/Users/jeffery/MonitorProjects/webfunny_servers/node_modules/koa-static/index.js:47:14)
    at dispatch (/Users/jeffery/MonitorProjects/webfunny_servers/node_modules/koa-compose/index.js:42:32)
    at filter (/Users/jeffery/MonitorProjects/webfunny_servers/node_modules/koa-json/index.js:25:12)
    at dispatch (/Users/jeffery/MonitorProjects/webfunny_servers/node_modules/koa-compose/index.js:42:32)
    at parseBody.then.body (/Users/jeffery/MonitorProjects/webfunny_servers/node_modules/koa-bodyparser/index.js:74:14)
    at process._tickCallback (internal/process/next_tick.js:68:7)
*************** error log end ***************

[2018-12-20T14:02:48.822] [ERROR] errorLog - 
*************** error log start ***************
method: POST
originalUrl:  /api/v1/uploadLog
client ip:  ::1
body: 
{"data":"{\"logInfo\":\"{\\\"happenTime\\\":1545285764033,\\\"webMonitorId\\\":\\\"mcl_webmonitor\\\",\\\"simpleUrl\\\":\\\"http://localhost:9090/ltvfe/cl/withdrawals\\\",\\\"completeUrl\\\":\\\"http://localhost:9090/ltvfe/cl/withdrawals\\\",\\\"customerKey\\\":\\\"b9b715fb-2bdc-48c7-8e2a-5e352e1d3508\\\",\\\"pageKey\\\":\\\"266a5f42-0c16-405e-bb6f-b9fd609d0dd6\\\",\\\"deviceName\\\":\\\"PC\\\",\\\"os\\\":\\\"web\\\",\\\"browserName\\\":\\\"chrome\\\",\\\"browserVersion\\\":\\\"mozilla/5.0 (macintosh; intel mac os x 10_13_4) applewebkit/537.36 (khtml, like gecko) chrome/70.0.3538.110 safari/537.36\\\",\\\"monitorIp\\\":\\\"\\\",\\\"country\\\":\\\"china\\\",\\\"province\\\":\\\"\\\",\\\"city\\\":\\\"\\\",\\\"userId\\\":\\\"\\\",\\\"firstUserParam\\\":\\\"\\\",\\\"secondUserParam\\\":\\\"\\\",\\\"uploadType\\\":\\\"JS_ERROR\\\",\\\"errorMessage\\\":\\\"ReferenceError: b is not defined\\\",\\\"errorStack\\\":\\\"ReferenceError: b is not defined\\\\n    at Withdrawals.componentDidMount (http://localhost:9090/withdrawals.2d4400e3.chunk.js:1406:7)\\\\n    at Withdrawals.proxiedComponentDidMount (http://localhost:9090/app.ca500f9c.js:60582:40)\\\\n    at http://localhost:9090/app.ca500f9c.js:52308:25\\\\n    at measureLifeCyclePerf (http://localhost:9090/app.ca500f9c.js:52119:12)\\\\n    at http://localhost:9090/app.ca500f9c.js:52307:11\\\\n    at CallbackQueue.notifyAll (http://localhost:9090/app.ca500f9c.js:20977:22)\\\\n    at ReactReconcileTransaction.close (http://localhost:9090/app.ca500f9c.js:57149:26)\\\\n    at ReactReconcileTransaction.closeAll (http://localhost:9090/app.ca500f9c.js:9470:25)\\\\n    at ReactReconcileTransaction.perform (http://localhost:9090/app.ca500f9c.js:9417:16)\\\\n    at ReactUpdatesFlushTransaction.perform (http://localhost:9090/app.ca500f9c.js:9404:20)\\\",\\\"browserInfo\\\":\\\"Mozilla/5.0 (Macintosh; Intel Mac OS X 10_13_4) AppleWebKit/537.36 (KHTML, like Gecko) Chrome/70.0.3538.110 Safari/537.36\\\"}$$${\\\"happenTime\\\":1545285762594,\\\"webMonitorId\\\":\\\"mcl_webmonitor\\\",\\\"simpleUrl\\\":\\\"http://localhost:9090/ltvfe/cl/withdrawals\\\",\\\"completeUrl\\\":\\\"http://localhost:9090/ltvfe/cl/withdrawals\\\",\\\"customerKey\\\":\\\"b9b715fb-2bdc-48c7-8e2a-5e352e1d3508\\\",\\\"pageKey\\\":\\\"266a5f42-0c16-405e-bb6f-b9fd609d0dd6\\\",\\\"deviceName\\\":\\\"PC\\\",\\\"os\\\":\\\"web\\\",\\\"browserName\\\":\\\"chrome\\\",\\\"browserVersion\\\":\\\"mozilla/5.0 (macintosh; intel mac os x 10_13_4) applewebkit/537.36 (khtml, like gecko) chrome/70.0.3538.110 safari/537.36\\\",\\\"monitorIp\\\":\\\"\\\",\\\"country\\\":\\\"china\\\",\\\"province\\\":\\\"\\\",\\\"city\\\":\\\"\\\",\\\"userId\\\":\\\"\\\",\\\"firstUserParam\\\":\\\"\\\",\\\"secondUserParam\\\":\\\"\\\",\\\"uploadType\\\":\\\"CUSTOMER_PV\\\",\\\"loadType\\\":\\\"none\\\",\\\"loadTime\\\":0}$$$\"}"}
response time: 0
err name: SyntaxError
err message: Unexpected token \ in JSON at position 1
err stack: SyntaxError: Unexpected token \ in JSON at position 1
    at JSON.parse (<anonymous>)
    at uploadLog (/Users/jeffery/MonitorProjects/webfunny_servers/controllers/common.js:48:24)
    at dispatch (/Users/jeffery/MonitorProjects/webfunny_servers/node_modules/koa-router/node_modules/koa-compose/index.js:44:32)
    at next (/Users/jeffery/MonitorProjects/webfunny_servers/node_modules/koa-router/node_modules/koa-compose/index.js:45:18)
    at /Users/jeffery/MonitorProjects/webfunny_servers/node_modules/koa-router/lib/router.js:346:16
    at dispatch (/Users/jeffery/MonitorProjects/webfunny_servers/node_modules/koa-router/node_modules/koa-compose/index.js:44:32)
    at /Users/jeffery/MonitorProjects/webfunny_servers/node_modules/koa-router/node_modules/koa-compose/index.js:36:12
    at dispatch (/Users/jeffery/MonitorProjects/webfunny_servers/node_modules/koa-router/lib/router.js:351:31)
    at dispatch (/Users/jeffery/MonitorProjects/webfunny_servers/node_modules/koa-compose/index.js:42:32)
    at app.use (/Users/jeffery/MonitorProjects/webfunny_servers/app.js:71:15)
    at dispatch (/Users/jeffery/MonitorProjects/webfunny_servers/node_modules/koa-compose/index.js:42:32)
    at views (/Users/jeffery/MonitorProjects/webfunny_servers/node_modules/koa-views/lib/index.js:61:12)
    at dispatch (/Users/jeffery/MonitorProjects/webfunny_servers/node_modules/koa-compose/index.js:42:32)
    at serve (/Users/jeffery/MonitorProjects/webfunny_servers/node_modules/koa-static/index.js:47:14)
    at dispatch (/Users/jeffery/MonitorProjects/webfunny_servers/node_modules/koa-compose/index.js:42:32)
    at filter (/Users/jeffery/MonitorProjects/webfunny_servers/node_modules/koa-json/index.js:25:12)
    at dispatch (/Users/jeffery/MonitorProjects/webfunny_servers/node_modules/koa-compose/index.js:42:32)
    at parseBody.then.body (/Users/jeffery/MonitorProjects/webfunny_servers/node_modules/koa-bodyparser/index.js:74:14)
    at process._tickCallback (internal/process/next_tick.js:68:7)
*************** error log end ***************

[2018-12-20T14:02:48.824] [ERROR] errorLog - 
*************** error log start ***************
method: POST
originalUrl:  /api/v1/uploadLog
client ip:  ::1
body: 
{"data":"{\"logInfo\":\"{\\\"happenTime\\\":1545285764033,\\\"webMonitorId\\\":\\\"mcl_webmonitor\\\",\\\"simpleUrl\\\":\\\"http://localhost:9090/ltvfe/cl/withdrawals\\\",\\\"completeUrl\\\":\\\"http://localhost:9090/ltvfe/cl/withdrawals\\\",\\\"customerKey\\\":\\\"b9b715fb-2bdc-48c7-8e2a-5e352e1d3508\\\",\\\"pageKey\\\":\\\"266a5f42-0c16-405e-bb6f-b9fd609d0dd6\\\",\\\"deviceName\\\":\\\"PC\\\",\\\"os\\\":\\\"web\\\",\\\"browserName\\\":\\\"chrome\\\",\\\"browserVersion\\\":\\\"mozilla/5.0 (macintosh; intel mac os x 10_13_4) applewebkit/537.36 (khtml, like gecko) chrome/70.0.3538.110 safari/537.36\\\",\\\"monitorIp\\\":\\\"\\\",\\\"country\\\":\\\"china\\\",\\\"province\\\":\\\"\\\",\\\"city\\\":\\\"\\\",\\\"userId\\\":\\\"\\\",\\\"firstUserParam\\\":\\\"\\\",\\\"secondUserParam\\\":\\\"\\\",\\\"uploadType\\\":\\\"JS_ERROR\\\",\\\"errorMessage\\\":\\\"ReferenceError: b is not defined\\\",\\\"errorStack\\\":\\\"ReferenceError: b is not defined\\\\n    at Withdrawals.componentDidMount (http://localhost:9090/withdrawals.2d4400e3.chunk.js:1406:7)\\\\n    at Withdrawals.proxiedComponentDidMount (http://localhost:9090/app.ca500f9c.js:60582:40)\\\\n    at http://localhost:9090/app.ca500f9c.js:52308:25\\\\n    at measureLifeCyclePerf (http://localhost:9090/app.ca500f9c.js:52119:12)\\\\n    at http://localhost:9090/app.ca500f9c.js:52307:11\\\\n    at CallbackQueue.notifyAll (http://localhost:9090/app.ca500f9c.js:20977:22)\\\\n    at ReactReconcileTransaction.close (http://localhost:9090/app.ca500f9c.js:57149:26)\\\\n    at ReactReconcileTransaction.closeAll (http://localhost:9090/app.ca500f9c.js:9470:25)\\\\n    at ReactReconcileTransaction.perform (http://localhost:9090/app.ca500f9c.js:9417:16)\\\\n    at ReactUpdatesFlushTransaction.perform (http://localhost:9090/app.ca500f9c.js:9404:20)\\\",\\\"browserInfo\\\":\\\"Mozilla/5.0 (Macintosh; Intel Mac OS X 10_13_4) AppleWebKit/537.36 (KHTML, like Gecko) Chrome/70.0.3538.110 Safari/537.36\\\"}$$${\\\"happenTime\\\":1545285762594,\\\"webMonitorId\\\":\\\"mcl_webmonitor\\\",\\\"simpleUrl\\\":\\\"http://localhost:9090/ltvfe/cl/withdrawals\\\",\\\"completeUrl\\\":\\\"http://localhost:9090/ltvfe/cl/withdrawals\\\",\\\"customerKey\\\":\\\"b9b715fb-2bdc-48c7-8e2a-5e352e1d3508\\\",\\\"pageKey\\\":\\\"266a5f42-0c16-405e-bb6f-b9fd609d0dd6\\\",\\\"deviceName\\\":\\\"PC\\\",\\\"os\\\":\\\"web\\\",\\\"browserName\\\":\\\"chrome\\\",\\\"browserVersion\\\":\\\"mozilla/5.0 (macintosh; intel mac os x 10_13_4) applewebkit/537.36 (khtml, like gecko) chrome/70.0.3538.110 safari/537.36\\\",\\\"monitorIp\\\":\\\"\\\",\\\"country\\\":\\\"china\\\",\\\"province\\\":\\\"\\\",\\\"city\\\":\\\"\\\",\\\"userId\\\":\\\"\\\",\\\"firstUserParam\\\":\\\"\\\",\\\"secondUserParam\\\":\\\"\\\",\\\"uploadType\\\":\\\"CUSTOMER_PV\\\",\\\"loadType\\\":\\\"none\\\",\\\"loadTime\\\":0}$$$\"}"}
response time: 0
err name: SyntaxError
err message: Unexpected token \ in JSON at position 1
err stack: SyntaxError: Unexpected token \ in JSON at position 1
    at JSON.parse (<anonymous>)
    at uploadLog (/Users/jeffery/MonitorProjects/webfunny_servers/controllers/common.js:48:24)
    at dispatch (/Users/jeffery/MonitorProjects/webfunny_servers/node_modules/koa-router/node_modules/koa-compose/index.js:44:32)
    at next (/Users/jeffery/MonitorProjects/webfunny_servers/node_modules/koa-router/node_modules/koa-compose/index.js:45:18)
    at /Users/jeffery/MonitorProjects/webfunny_servers/node_modules/koa-router/lib/router.js:346:16
    at dispatch (/Users/jeffery/MonitorProjects/webfunny_servers/node_modules/koa-router/node_modules/koa-compose/index.js:44:32)
    at /Users/jeffery/MonitorProjects/webfunny_servers/node_modules/koa-router/node_modules/koa-compose/index.js:36:12
    at dispatch (/Users/jeffery/MonitorProjects/webfunny_servers/node_modules/koa-router/lib/router.js:351:31)
    at dispatch (/Users/jeffery/MonitorProjects/webfunny_servers/node_modules/koa-compose/index.js:42:32)
    at app.use (/Users/jeffery/MonitorProjects/webfunny_servers/app.js:71:15)
    at dispatch (/Users/jeffery/MonitorProjects/webfunny_servers/node_modules/koa-compose/index.js:42:32)
    at views (/Users/jeffery/MonitorProjects/webfunny_servers/node_modules/koa-views/lib/index.js:61:12)
    at dispatch (/Users/jeffery/MonitorProjects/webfunny_servers/node_modules/koa-compose/index.js:42:32)
    at serve (/Users/jeffery/MonitorProjects/webfunny_servers/node_modules/koa-static/index.js:47:14)
    at dispatch (/Users/jeffery/MonitorProjects/webfunny_servers/node_modules/koa-compose/index.js:42:32)
    at filter (/Users/jeffery/MonitorProjects/webfunny_servers/node_modules/koa-json/index.js:25:12)
    at dispatch (/Users/jeffery/MonitorProjects/webfunny_servers/node_modules/koa-compose/index.js:42:32)
    at parseBody.then.body (/Users/jeffery/MonitorProjects/webfunny_servers/node_modules/koa-bodyparser/index.js:74:14)
    at process._tickCallback (internal/process/next_tick.js:68:7)
*************** error log end ***************

[2018-12-20T14:03:23.733] [ERROR] errorLog - 
*************** error log start ***************
method: POST
originalUrl:  /api/v1/uploadLog
client ip:  ::1
body: 
{"data":"{\"logInfo\":\"{\\\"happenTime\\\":1545285799000,\\\"webMonitorId\\\":\\\"mcl_webmonitor\\\",\\\"simpleUrl\\\":\\\"http://localhost:9090/ltvfe/cl/withdrawals\\\",\\\"completeUrl\\\":\\\"http://localhost:9090/ltvfe/cl/withdrawals\\\",\\\"customerKey\\\":\\\"b9b715fb-2bdc-48c7-8e2a-5e352e1d3508\\\",\\\"pageKey\\\":\\\"0a48e8c4-8729-41a2-a8e9-122eb2ef4255\\\",\\\"deviceName\\\":\\\"PC\\\",\\\"os\\\":\\\"web\\\",\\\"browserName\\\":\\\"chrome\\\",\\\"browserVersion\\\":\\\"mozilla/5.0 (macintosh; intel mac os x 10_13_4) applewebkit/537.36 (khtml, like gecko) chrome/70.0.3538.110 safari/537.36\\\",\\\"monitorIp\\\":\\\"\\\",\\\"country\\\":\\\"china\\\",\\\"province\\\":\\\"\\\",\\\"city\\\":\\\"\\\",\\\"userId\\\":\\\"\\\",\\\"firstUserParam\\\":\\\"\\\",\\\"secondUserParam\\\":\\\"\\\",\\\"uploadType\\\":\\\"JS_ERROR\\\",\\\"errorMessage\\\":\\\"ReferenceError: b is not defined\\\",\\\"errorStack\\\":\\\"ReferenceError: b is not defined\\\\n    at Withdrawals.componentDidMount (http://localhost:9090/withdrawals.2d4400e3.chunk.js:1406:7)\\\\n    at Withdrawals.proxiedComponentDidMount (http://localhost:9090/app.ca500f9c.js:60582:40)\\\\n    at http://localhost:9090/app.ca500f9c.js:52308:25\\\\n    at measureLifeCyclePerf (http://localhost:9090/app.ca500f9c.js:52119:12)\\\\n    at http://localhost:9090/app.ca500f9c.js:52307:11\\\\n    at CallbackQueue.notifyAll (http://localhost:9090/app.ca500f9c.js:20977:22)\\\\n    at ReactReconcileTransaction.close (http://localhost:9090/app.ca500f9c.js:57149:26)\\\\n    at ReactReconcileTransaction.closeAll (http://localhost:9090/app.ca500f9c.js:9470:25)\\\\n    at ReactReconcileTransaction.perform (http://localhost:9090/app.ca500f9c.js:9417:16)\\\\n    at ReactUpdatesFlushTransaction.perform (http://localhost:9090/app.ca500f9c.js:9404:20)\\\",\\\"browserInfo\\\":\\\"Mozilla/5.0 (Macintosh; Intel Mac OS X 10_13_4) AppleWebKit/537.36 (KHTML, like Gecko) Chrome/70.0.3538.110 Safari/537.36\\\"}$$${\\\"happenTime\\\":1545285797503,\\\"webMonitorId\\\":\\\"mcl_webmonitor\\\",\\\"simpleUrl\\\":\\\"http://localhost:9090/ltvfe/cl/withdrawals\\\",\\\"completeUrl\\\":\\\"http://localhost:9090/ltvfe/cl/withdrawals\\\",\\\"customerKey\\\":\\\"b9b715fb-2bdc-48c7-8e2a-5e352e1d3508\\\",\\\"pageKey\\\":\\\"0a48e8c4-8729-41a2-a8e9-122eb2ef4255\\\",\\\"deviceName\\\":\\\"PC\\\",\\\"os\\\":\\\"web\\\",\\\"browserName\\\":\\\"chrome\\\",\\\"browserVersion\\\":\\\"mozilla/5.0 (macintosh; intel mac os x 10_13_4) applewebkit/537.36 (khtml, like gecko) chrome/70.0.3538.110 safari/537.36\\\",\\\"monitorIp\\\":\\\"\\\",\\\"country\\\":\\\"china\\\",\\\"province\\\":\\\"\\\",\\\"city\\\":\\\"\\\",\\\"userId\\\":\\\"\\\",\\\"firstUserParam\\\":\\\"\\\",\\\"secondUserParam\\\":\\\"\\\",\\\"uploadType\\\":\\\"CUSTOMER_PV\\\",\\\"loadType\\\":\\\"none\\\",\\\"loadTime\\\":0}$$$\"}"}
response time: 0
err name: TypeError
err message: Cannot create property 'monitorIp' on string '{"happenTime":1545285799000,"webMonitorId":"mcl_webmonitor","simpleUrl":"http://localhost:9090/ltvfe/cl/withdrawals","completeUrl":"http://localhost:9090/ltvfe/cl/withdrawals","customerKey":"b9b715fb-2bdc-48c7-8e2a-5e352e1d3508","pageKey":"0a48e8c4-8729-41a2-a8e9-122eb2ef4255","deviceName":"PC","os":"web","browserName":"chrome","browserVersion":"mozilla/5.0 (macintosh; intel mac os x 10_13_4) applewebkit/537.36 (khtml, like gecko) chrome/70.0.3538.110 safari/537.36","monitorIp":"","country":"china","province":"","city":"","userId":"","firstUserParam":"","secondUserParam":"","uploadType":"JS_ERROR","errorMessage":"ReferenceError: b is not defined","errorStack":"ReferenceError: b is not defined\n    at Withdrawals.componentDidMount (http://localhost:9090/withdrawals.2d4400e3.chunk.js:1406:7)\n    at Withdrawals.proxiedComponentDidMount (http://localhost:9090/app.ca500f9c.js:60582:40)\n    at http://localhost:9090/app.ca500f9c.js:52308:25\n    at measureLifeCyclePerf (http://localhost:9090/app.ca500f9c.js:52119:12)\n    at http://localhost:9090/app.ca500f9c.js:52307:11\n    at CallbackQueue.notifyAll (http://localhost:9090/app.ca500f9c.js:20977:22)\n    at ReactReconcileTransaction.close (http://localhost:9090/app.ca500f9c.js:57149:26)\n    at ReactReconcileTransaction.closeAll (http://localhost:9090/app.ca500f9c.js:9470:25)\n    at ReactReconcileTransaction.perform (http://localhost:9090/app.ca500f9c.js:9417:16)\n    at ReactUpdatesFlushTransaction.perform (http://localhost:9090/app.ca500f9c.js:9404:20)","browserInfo":"Mozilla/5.0 (Macintosh; Intel Mac OS X 10_13_4) AppleWebKit/537.36 (KHTML, like Gecko) Chrome/70.0.3538.110 Safari/537.36"}'
err stack: TypeError: Cannot create property 'monitorIp' on string '{"happenTime":1545285799000,"webMonitorId":"mcl_webmonitor","simpleUrl":"http://localhost:9090/ltvfe/cl/withdrawals","completeUrl":"http://localhost:9090/ltvfe/cl/withdrawals","customerKey":"b9b715fb-2bdc-48c7-8e2a-5e352e1d3508","pageKey":"0a48e8c4-8729-41a2-a8e9-122eb2ef4255","deviceName":"PC","os":"web","browserName":"chrome","browserVersion":"mozilla/5.0 (macintosh; intel mac os x 10_13_4) applewebkit/537.36 (khtml, like gecko) chrome/70.0.3538.110 safari/537.36","monitorIp":"","country":"china","province":"","city":"","userId":"","firstUserParam":"","secondUserParam":"","uploadType":"JS_ERROR","errorMessage":"ReferenceError: b is not defined","errorStack":"ReferenceError: b is not defined\n    at Withdrawals.componentDidMount (http://localhost:9090/withdrawals.2d4400e3.chunk.js:1406:7)\n    at Withdrawals.proxiedComponentDidMount (http://localhost:9090/app.ca500f9c.js:60582:40)\n    at http://localhost:9090/app.ca500f9c.js:52308:25\n    at measureLifeCyclePerf (http://localhost:9090/app.ca500f9c.js:52119:12)\n    at http://localhost:9090/app.ca500f9c.js:52307:11\n    at CallbackQueue.notifyAll (http://localhost:9090/app.ca500f9c.js:20977:22)\n    at ReactReconcileTransaction.close (http://localhost:9090/app.ca500f9c.js:57149:26)\n    at ReactReconcileTransaction.closeAll (http://localhost:9090/app.ca500f9c.js:9470:25)\n    at ReactReconcileTransaction.perform (http://localhost:9090/app.ca500f9c.js:9417:16)\n    at ReactUpdatesFlushTransaction.perform (http://localhost:9090/app.ca500f9c.js:9404:20)","browserInfo":"Mozilla/5.0 (Macintosh; Intel Mac OS X 10_13_4) AppleWebKit/537.36 (KHTML, like Gecko) Chrome/70.0.3538.110 Safari/537.36"}'
    at uploadLog (/Users/jeffery/MonitorProjects/webfunny_servers/controllers/common.js:54:25)
    at dispatch (/Users/jeffery/MonitorProjects/webfunny_servers/node_modules/koa-router/node_modules/koa-compose/index.js:44:32)
    at next (/Users/jeffery/MonitorProjects/webfunny_servers/node_modules/koa-router/node_modules/koa-compose/index.js:45:18)
    at /Users/jeffery/MonitorProjects/webfunny_servers/node_modules/koa-router/lib/router.js:346:16
    at dispatch (/Users/jeffery/MonitorProjects/webfunny_servers/node_modules/koa-router/node_modules/koa-compose/index.js:44:32)
    at /Users/jeffery/MonitorProjects/webfunny_servers/node_modules/koa-router/node_modules/koa-compose/index.js:36:12
    at dispatch (/Users/jeffery/MonitorProjects/webfunny_servers/node_modules/koa-router/lib/router.js:351:31)
    at dispatch (/Users/jeffery/MonitorProjects/webfunny_servers/node_modules/koa-compose/index.js:42:32)
    at app.use (/Users/jeffery/MonitorProjects/webfunny_servers/app.js:71:15)
    at dispatch (/Users/jeffery/MonitorProjects/webfunny_servers/node_modules/koa-compose/index.js:42:32)
    at views (/Users/jeffery/MonitorProjects/webfunny_servers/node_modules/koa-views/lib/index.js:61:12)
    at dispatch (/Users/jeffery/MonitorProjects/webfunny_servers/node_modules/koa-compose/index.js:42:32)
    at serve (/Users/jeffery/MonitorProjects/webfunny_servers/node_modules/koa-static/index.js:47:14)
    at dispatch (/Users/jeffery/MonitorProjects/webfunny_servers/node_modules/koa-compose/index.js:42:32)
    at filter (/Users/jeffery/MonitorProjects/webfunny_servers/node_modules/koa-json/index.js:25:12)
    at dispatch (/Users/jeffery/MonitorProjects/webfunny_servers/node_modules/koa-compose/index.js:42:32)
    at parseBody.then.body (/Users/jeffery/MonitorProjects/webfunny_servers/node_modules/koa-bodyparser/index.js:74:14)
    at process._tickCallback (internal/process/next_tick.js:68:7)
*************** error log end ***************

