[2018-12-21T12:39:56.111] [ERROR] errorLog - 
*************** error log start ***************
method: POST
originalUrl:  /api/v1/searchUserBehaviors
client ip:  ::ffff:127.0.0.1
body: 
{"searchValue":"3D2350A-C38E-E711-8C05-48D539B907D4","webMonitorId":"mcl_webmonitor","timeScope":3}
response time: 0
err name: ReferenceError
err message: btoa is not defined
err stack: ReferenceError: btoa is not defined
    at Object.b64EncodeUnicode (/Users/jeffery/MonitorProjects/webfunny_servers/util/utils.js:90:5)
    at Function.getCustomerKeyByUserId (/Users/jeffery/MonitorProjects/webfunny_servers/modules/customerPV.js:127:29)
    at searchBehaviorsRecord (/Users/jeffery/MonitorProjects/webfunny_servers/controllers/common.js:88:27)
    at dispatch (/Users/jeffery/MonitorProjects/webfunny_servers/node_modules/koa-router/node_modules/koa-compose/index.js:44:32)
    at next (/Users/jeffery/MonitorProjects/webfunny_servers/node_modules/koa-router/node_modules/koa-compose/index.js:45:18)
    at /Users/jeffery/MonitorProjects/webfunny_servers/node_modules/koa-router/lib/router.js:346:16
    at dispatch (/Users/jeffery/MonitorProjects/webfunny_servers/node_modules/koa-router/node_modules/koa-compose/index.js:44:32)
    at /Users/jeffery/MonitorProjects/webfunny_servers/node_modules/koa-router/node_modules/koa-compose/index.js:36:12
    at dispatch (/Users/jeffery/MonitorProjects/webfunny_servers/node_modules/koa-router/lib/router.js:351:31)
    at dispatch (/Users/jeffery/MonitorProjects/webfunny_servers/node_modules/koa-compose/index.js:42:32)
    at app.use (/Users/jeffery/MonitorProjects/webfunny_servers/app.js:71:15)
    at dispatch (/Users/jeffery/MonitorProjects/webfunny_servers/node_modules/koa-compose/index.js:42:32)
    at views (/Users/jeffery/MonitorProjects/webfunny_servers/node_modules/koa-views/lib/index.js:61:12)
    at dispatch (/Users/jeffery/MonitorProjects/webfunny_servers/node_modules/koa-compose/index.js:42:32)
    at serve (/Users/jeffery/MonitorProjects/webfunny_servers/node_modules/koa-static/index.js:47:14)
    at dispatch (/Users/jeffery/MonitorProjects/webfunny_servers/node_modules/koa-compose/index.js:42:32)
    at filter (/Users/jeffery/MonitorProjects/webfunny_servers/node_modules/koa-json/index.js:25:12)
    at dispatch (/Users/jeffery/MonitorProjects/webfunny_servers/node_modules/koa-compose/index.js:42:32)
    at parseBody.then.body (/Users/jeffery/MonitorProjects/webfunny_servers/node_modules/koa-bodyparser/index.js:74:14)
    at process._tickCallback (internal/process/next_tick.js:68:7)
*************** error log end ***************

[2018-12-21T12:45:33.629] [ERROR] errorLog - 
*************** error log start ***************
method: POST
originalUrl:  /api/v1/searchUserBehaviors
client ip:  ::ffff:127.0.0.1
body: 
{"searchValue":"3D2350A-C38E-E711-8C05-48D539B907D4","webMonitorId":"mcl_webmonitor","timeScope":1}
response time: 0
err name: ReferenceError
err message: btoa is not defined
err stack: ReferenceError: btoa is not defined
    at Object.b64EncodeUnicode (/Users/jeffery/MonitorProjects/webfunny_servers/util/utils.js:90:5)
    at Function.getCustomerKeyByUserId (/Users/jeffery/MonitorProjects/webfunny_servers/modules/customerPV.js:127:29)
    at searchBehaviorsRecord (/Users/jeffery/MonitorProjects/webfunny_servers/controllers/common.js:88:27)
    at dispatch (/Users/jeffery/MonitorProjects/webfunny_servers/node_modules/koa-router/node_modules/koa-compose/index.js:44:32)
    at next (/Users/jeffery/MonitorProjects/webfunny_servers/node_modules/koa-router/node_modules/koa-compose/index.js:45:18)
    at /Users/jeffery/MonitorProjects/webfunny_servers/node_modules/koa-router/lib/router.js:346:16
    at dispatch (/Users/jeffery/MonitorProjects/webfunny_servers/node_modules/koa-router/node_modules/koa-compose/index.js:44:32)
    at /Users/jeffery/MonitorProjects/webfunny_servers/node_modules/koa-router/node_modules/koa-compose/index.js:36:12
    at dispatch (/Users/jeffery/MonitorProjects/webfunny_servers/node_modules/koa-router/lib/router.js:351:31)
    at dispatch (/Users/jeffery/MonitorProjects/webfunny_servers/node_modules/koa-compose/index.js:42:32)
    at app.use (/Users/jeffery/MonitorProjects/webfunny_servers/app.js:71:15)
    at dispatch (/Users/jeffery/MonitorProjects/webfunny_servers/node_modules/koa-compose/index.js:42:32)
    at views (/Users/jeffery/MonitorProjects/webfunny_servers/node_modules/koa-views/lib/index.js:61:12)
    at dispatch (/Users/jeffery/MonitorProjects/webfunny_servers/node_modules/koa-compose/index.js:42:32)
    at serve (/Users/jeffery/MonitorProjects/webfunny_servers/node_modules/koa-static/index.js:47:14)
    at dispatch (/Users/jeffery/MonitorProjects/webfunny_servers/node_modules/koa-compose/index.js:42:32)
    at filter (/Users/jeffery/MonitorProjects/webfunny_servers/node_modules/koa-json/index.js:25:12)
    at dispatch (/Users/jeffery/MonitorProjects/webfunny_servers/node_modules/koa-compose/index.js:42:32)
    at parseBody.then.body (/Users/jeffery/MonitorProjects/webfunny_servers/node_modules/koa-bodyparser/index.js:74:14)
    at process._tickCallback (internal/process/next_tick.js:68:7)
*************** error log end ***************

[2018-12-21T12:45:46.533] [ERROR] errorLog - 
*************** error log start ***************
method: POST
originalUrl:  /api/v1/searchUserBehaviors
client ip:  ::ffff:127.0.0.1
body: 
{"searchValue":"3D2350A-C38E-E711-8C05-48D539B907D4","webMonitorId":"mcl_webmonitor","timeScope":2}
response time: 0
err name: ReferenceError
err message: btoa is not defined
err stack: ReferenceError: btoa is not defined
    at Object.b64EncodeUnicode (/Users/jeffery/MonitorProjects/webfunny_servers/util/utils.js:90:5)
    at Function.getCustomerKeyByUserId (/Users/jeffery/MonitorProjects/webfunny_servers/modules/customerPV.js:127:29)
    at searchBehaviorsRecord (/Users/jeffery/MonitorProjects/webfunny_servers/controllers/common.js:88:27)
    at dispatch (/Users/jeffery/MonitorProjects/webfunny_servers/node_modules/koa-router/node_modules/koa-compose/index.js:44:32)
    at next (/Users/jeffery/MonitorProjects/webfunny_servers/node_modules/koa-router/node_modules/koa-compose/index.js:45:18)
    at /Users/jeffery/MonitorProjects/webfunny_servers/node_modules/koa-router/lib/router.js:346:16
    at dispatch (/Users/jeffery/MonitorProjects/webfunny_servers/node_modules/koa-router/node_modules/koa-compose/index.js:44:32)
    at /Users/jeffery/MonitorProjects/webfunny_servers/node_modules/koa-router/node_modules/koa-compose/index.js:36:12
    at dispatch (/Users/jeffery/MonitorProjects/webfunny_servers/node_modules/koa-router/lib/router.js:351:31)
    at dispatch (/Users/jeffery/MonitorProjects/webfunny_servers/node_modules/koa-compose/index.js:42:32)
    at app.use (/Users/jeffery/MonitorProjects/webfunny_servers/app.js:71:15)
    at dispatch (/Users/jeffery/MonitorProjects/webfunny_servers/node_modules/koa-compose/index.js:42:32)
    at views (/Users/jeffery/MonitorProjects/webfunny_servers/node_modules/koa-views/lib/index.js:61:12)
    at dispatch (/Users/jeffery/MonitorProjects/webfunny_servers/node_modules/koa-compose/index.js:42:32)
    at serve (/Users/jeffery/MonitorProjects/webfunny_servers/node_modules/koa-static/index.js:47:14)
    at dispatch (/Users/jeffery/MonitorProjects/webfunny_servers/node_modules/koa-compose/index.js:42:32)
    at filter (/Users/jeffery/MonitorProjects/webfunny_servers/node_modules/koa-json/index.js:25:12)
    at dispatch (/Users/jeffery/MonitorProjects/webfunny_servers/node_modules/koa-compose/index.js:42:32)
    at parseBody.then.body (/Users/jeffery/MonitorProjects/webfunny_servers/node_modules/koa-bodyparser/index.js:74:14)
    at process._tickCallback (internal/process/next_tick.js:68:7)
*************** error log end ***************

