[2018-12-24T14:32:49.618] [ERROR] errorLog - 
*************** error log start ***************
method: POST
originalUrl:  /api/v1/searchUserBehaviors
client ip:  ::1
body: 
{"searchValue":"B9106BC5-DFB7-E711-8CD3-B0D1B717EB4","webMonitorId":"mcl_webmonitor","timeScope":0}
response time: 0
err name: ReferenceError
err message: atob is not defined
err stack: ReferenceError: atob is not defined
    at Object.b64DecodeUnicode (/Users/jeffery/MonitorProjects/webfunny_servers/util/utils.js:95:3)
    at Function.getCustomerKeyByUserId (/Users/jeffery/MonitorProjects/webfunny_servers/modules/customerPV.js:127:26)
    at searchBehaviorsRecord (/Users/jeffery/MonitorProjects/webfunny_servers/controllers/common.js:100:27)
    at dispatch (/Users/jeffery/MonitorProjects/webfunny_servers/node_modules/koa-router/node_modules/koa-compose/index.js:44:32)
    at next (/Users/jeffery/MonitorProjects/webfunny_servers/node_modules/koa-router/node_modules/koa-compose/index.js:45:18)
    at /Users/jeffery/MonitorProjects/webfunny_servers/node_modules/koa-router/lib/router.js:346:16
    at dispatch (/Users/jeffery/MonitorProjects/webfunny_servers/node_modules/koa-router/node_modules/koa-compose/index.js:44:32)
    at /Users/jeffery/MonitorProjects/webfunny_servers/node_modules/koa-router/node_modules/koa-compose/index.js:36:12
    at dispatch (/Users/jeffery/MonitorProjects/webfunny_servers/node_modules/koa-router/lib/router.js:351:31)
    at dispatch (/Users/jeffery/MonitorProjects/webfunny_servers/node_modules/koa-compose/index.js:42:32)
    at app.use (/Users/jeffery/MonitorProjects/webfunny_servers/app.js:71:15)
    at dispatch (/Users/jeffery/MonitorProjects/webfunny_servers/node_modules/koa-compose/index.js:42:32)
    at views (/Users/jeffery/MonitorProjects/webfunny_servers/node_modules/koa-views/lib/index.js:61:12)
    at dispatch (/Users/jeffery/MonitorProjects/webfunny_servers/node_modules/koa-compose/index.js:42:32)
    at serve (/Users/jeffery/MonitorProjects/webfunny_servers/node_modules/koa-static/index.js:47:14)
    at dispatch (/Users/jeffery/MonitorProjects/webfunny_servers/node_modules/koa-compose/index.js:42:32)
    at filter (/Users/jeffery/MonitorProjects/webfunny_servers/node_modules/koa-json/index.js:25:12)
    at dispatch (/Users/jeffery/MonitorProjects/webfunny_servers/node_modules/koa-compose/index.js:42:32)
    at parseBody.then.body (/Users/jeffery/MonitorProjects/webfunny_servers/node_modules/koa-bodyparser/index.js:74:14)
    at process._tickCallback (internal/process/next_tick.js:68:7)
*************** error log end ***************

[2018-12-24T14:51:10.737] [ERROR] errorLog - 
*************** error log start ***************
method: POST
originalUrl:  /api/v1/searchUserBehaviors
client ip:  ::1
body: 
{"searchValue":"ZWU1YmIyM2MtMzVhNC00N2VhLWE2ZmUtMTA1ZGY2NDNmOTdj","webMonitorId":"mcl_webmonitor","timeScope":0}
response time: 0
err name: ReferenceError
err message: atob is not defined
err stack: ReferenceError: atob is not defined
    at Object.b64DecodeUnicode (/Users/jeffery/MonitorProjects/webfunny_servers/util/utils.js:95:3)
    at searchBehaviorsRecord (/Users/jeffery/MonitorProjects/webfunny_servers/controllers/common.js:116:33)
*************** error log end ***************

[2018-12-24T14:55:14.740] [ERROR] errorLog - 
*************** error log start ***************
method: POST
originalUrl:  /api/v1/searchUserBehaviors
client ip:  ::1
body: 
{"searchValue":"ZWU1YmIyM2MtMzVhNC00N2VhLWE2ZmUtMTA1ZGY2NDNmOTdj","webMonitorId":"mcl_webmonitor","timeScope":0}
response time: 0
err name: ReferenceError
err message: atob is not defined
err stack: ReferenceError: atob is not defined
    at Object.b64DecodeUnicode (/Users/jeffery/MonitorProjects/webfunny_servers/util/utils.js:95:3)
    at searchBehaviorsRecord (/Users/jeffery/MonitorProjects/webfunny_servers/controllers/common.js:116:33)
*************** error log end ***************

